No matched: 97GW7dxnquE
No matched: Yf0D4DdIrgM
No matched: nycXXZ7NShU
No matched: T70fZeyMulw
No matched: NrEEBWMo1Os
No matched: uHL286APuig
No matched: GlMfzeV048U
No matched: aujQM0Bw1pM
No matched: zx5NGS6y5t0
No matched: fyrNrGssVk4
No matched: MYK3tRlCnuQ
No matched: FYaib-rGUx8
No matched: gmtjcuTAwGw
No matched: Wep18raY348
No matched: GoFHajoIzCo
No matched: g4amiQmC9h4
No matched: 7WKUQ83HeMI
No matched: ixq7MDRLWF4
No matched: c9obP7czdQE
No matched: mkKbIjSWJHw
No matched: DOQyau1oC8Q
No matched: 5uH6sw16wSc
No matched: F5Is6xzZkf4
No matched: w78K-Cc7Ogs
No matched: zst1nlgLgno
No matched: rXZOzME2MwM
No matched: VMW1-HJFSvs
No matched: THIhZeiY3xY
No matched: tptKLOJ3Pjc
No matched: dYzBvUZRllk
No matched: OGv_Sk7Appk
No matched: u9CQo5LvRuo
No matched: 4rMlJ2WC04o
No matched: B-dbwBuJ-pM
No matched: skT5frG8rnU
No matched: DOq5NxbZwhE
No matched: nbh694DDufk
No matched: _wHAeKdBgUc
No matched: 2MSO9HRDb_0
No matched: 2VFD6_tHg8Q
No matched: cZPC5cZdM3U
No matched: x1DjVmoobWM
No matched: Bd9_V1E2pGQ
No matched: l7bkl6gFq04
No matched: So9tmAxXl34
No matched: fvX_l1nSkNI
No matched: gBQCuuJR3Zo
No matched: v7mvZGl5Usw
No matched: qn7IQhnQzlU
No matched: 1d5RetvkkuQ
No matched: rOyDZBcBEKk
No matched: 5I6heJKPqVI
No matched: 7h0kbBZLc5w
No matched: eP18Yxy8-9s
No matched: 7XTHdcmjenI
No matched: Ov_3zqGWLRU
No matched: 47qiwqKRef0
No matched: EqEs-P_LvPs
No matched: VlVg9Ti2is8
No matched: 4IdO448mz0Q
No matched: SBZ8cLJCT2Y
No matched: LbAYN2SU8No
No matched: enFXce6HDoI
No matched: InNArv2h4m0
No matched: 7nFWTbio1rE
No matched: uU6o2_UFSEY
No matched: 1pzjxYCwb08
No matched: y7oXICJtCCw
No matched: mOE1JR-GYII
No matched: w6DnixxuDZs
No matched: J6IJXnpytFU
No matched: UyuciSJzSG8
No matched: 0C22OcuTQVU
No matched: snD3o-Y5iB0
No matched: cbfl-Ws8u1w
No matched: EXNt3_uYOOA
No matched: thfKSTe-ToA
No matched: hg3umXU_qWc
No matched: XUOQywXafLE
No matched: dE4P4CKtVVs
No matched: ZaHetgJAKsc
No matched: fPHkTkRwbn4
No matched: CiNLwJyBLB8
No matched: WedLHPoNMms
No matched: voCj9tYjDoc
No matched: sX8R4aVzz2I
No matched: lKJogQQAr-Q
No matched: rzN2hFE0sDw
No matched: 2ntB-RvwvgE
No matched: IkxSf-F8pDs
No matched: biP4rRx-j1Q
No matched: 4suvGlq0TLo
No matched: 62l_uW6dAlQ
No matched: LRDlAoJl3vs
No matched: R8eWl0ehJ0M
No matched: cz6SgMsIGwA
No matched: Upd2moOGVSo
No matched: ByuWS1bBwpc
No matched: oTH_fmQo3Ok
No matched: Eqs8JBnIlhE
No matched: EVzhs1WjzGg
No matched: DGvy0Me_-TQ
No matched: cvKxaDLwGzo
No matched: JWhUMyuNMp0
No matched: hfUYIANtiVg
No matched: 85swDHY9Iwo
No matched: yMNr6t1Hwb0
No matched: t62lVOP9KNc
No matched: sDcNb7FDY90
No matched: FZ7bexa4eHg
No matched: vDoV2RfA0qo
No matched: qPD-vwBidXU
No matched: yFh4gXwtkOY
No matched: zmp-DtFw-kY
No matched: jp7amRdr30Y
No matched: OWT9XnKoSl4
No matched: ZBvb1n1gt-4
No matched: 6Diw5Dp9Buo
No matched: djMQrO7hHtU
No matched: GPF7QspiLqM
No matched: zI6HWDSaRiM
No matched: 7dl7qPoebl4
No matched: pbKuCfe1fYM
No matched: fJZDF63Ss_4
No matched: u96jOS1kZJA
No matched: MUs-9nhdo2g
No matched: MenWAZcvIlU
No matched: JUHTMB-OWzY
No matched: 3S1HK7LQY2I
No matched: 6J9do2gcw8s
No matched: CRbYh8bcV70
No matched: _tKWMZqj2HM
No matched: q8f545EM0Tg
No matched: by6RBQTMpFQ
No matched: vYN-anlXcBs
No matched: rtEgxGsJoX8
No matched: aol8-2yg_Rs
No matched: 9sgjunDrTXY
No matched: Y8o1tmDXAJY
No matched: 9kptYdUc9GQ
No matched: sI-DTxIi61k
No matched: Lr2pbx-KBh4
No matched: Qd20IX7gjMw
No matched: eneB6u3kGu4
No matched: o_9pOV1dLNI
No matched: XFdR7O78rDg
No matched: rDV6e3NbMM4
No matched: 1d771vK-s3M
No matched: Efhf_xx0tGA
No matched: YLUsJSsQRZY
No matched: _eKBbQKWOj0
No matched: gJ7-O8ow3X0
No matched: 02n8Zb39pHA
No matched: zxGqZiMo38c
No matched: aqLYcjOIeU4
No matched: LSEfgZGqMMc
No matched: bsXtxyim8HA
No matched: 5XAIN3C8Hxs
No matched: tEISLatc57I
No matched: T2m0be4RtaI
No matched: ZTsEs-3B2eQ
No matched: PRvh2MCzRG0
No matched: U5rKgDOs33U
No matched: 1PnWaLJplLQ
No matched: cJPHzIgA6Qc
No matched: dvqxIUEysbs
No matched: ZXMfqRxO3hI
No matched: 5Asd813Gcns
No matched: UT-k3WYjbuM
No matched: n0Sh25slJMM
No matched: 1gpdMZnHHt4
No matched: CMtJ9cwAPaE
No matched: JJsuWB3LQ_o
No matched: xdQvGb98NL8
No matched: 5I9d-KWJVcA
No matched: lvUEnE-xyRc
No matched: 7JzjyoSeweQ
No matched: 3C-s1_luAWE
No matched: TeoJ9STx1c8
No matched: VBh8arcS4k0
No matched: _V0J4MAlOtI
No matched: sjRSm5vdFyY
No matched: i5yRJGhFJ_s
No matched: RILDbPnjNfU
No matched: 5KYWJdU9Ltw
No matched: slFKNJINwxA
No matched: WKvd-yPFuKM
No matched: zdbm864Xw6I
No matched: kWEqLcPTv9U
No matched: Z6fX4unaJUU
No matched: I04q3xJ8SLU
No matched: ku6C0B3er6w
No matched: 5lzbEQMU7DQ
No matched: 3HjfyaNhUPQ
No matched: R8e4FdA9T6Q
No matched: I2ieksHNsQY
No matched: VEpR-lq85bI
No matched: edRoM6al-1U
No matched: pGyOwnqpCKk
No matched: EnSoOMG5l5w
No matched: IVJv91n39Q8
No matched: o8xWaNp_lbI
No matched: _b2qXygFm8U
No matched: Crl5gMDibUc
No matched: WaqYUlnVMi4
No matched: Yf6FNuyFamg
No matched: u-9W0Hne3gM
No matched: UwOHpWTRsbE
No matched: ydZfSuz-Hu8
No matched: or7m9i20UyA
No matched: X5bHG9fXpng
No matched: cEyKxVx1sDo
No matched: f2xDLvAUBMw
No matched: nV0jY5VgymI
No matched: 7TLszmymOq4
No matched: LI6dPphSuEE
No matched: 56ULOJIPyG4
No matched: DfJn8HCKO8g
No matched: Yx9jZaXSrvc
No matched: 95dhwUKgyR4
No matched: a3gDCDIisxU
No matched: z3DxHBpUEFY
No matched: bneSUZmEFIw
No matched: jBy0BVwV1Vk
No matched: 63WCVBtV_7o
No matched: 9dcnjGoAKsI
No matched: BNZo6J83iv8
No matched: In69b6iMHco
No matched: 2V2nJEqWoeA
No matched: YzWE6ArfquE
No matched: 14g0muZ951M
No matched: xH6jFCb_iao
No matched: 9clFG5yBWEA
No matched: 2-M7skIfY3A
No matched: Ek3OyTyZxEY
No matched: CEY0H1_8hTo
No matched: ANlhkMBonnA
No matched: tmMTdlvIyMg
No matched: 4wJR_R0o3zw
No matched: Z6IkZhvBIGI
No matched: bKWEIEYz5xk
No matched: JIey9Cg0TAQ
No matched: TpT_2106HkE
No matched: F5gQY-3T_vA
No matched: iRw8ZJIbH3Q
No matched: Ms7sG5jjQMA
No matched: blL-loppB0A
No matched: EtTS1pV5bxw
No matched: MONbxK-q8Dg
No matched: bw7pMvKFcXk
No matched: 7sIgPryT_1Q
No matched: XxS-z2xiuyA
No matched: pK8q8XXQFRI
No matched: c4QwDtw4zPs
No matched: OeyZgp0ZsMs
No matched: WqLhxIp4dpk
No matched: b1pObu4NtUw
No matched: 3UQpKRABnA4
No matched: s9ROsjiIwIA
No matched: 2mx1Qpiw9jk
No matched: 5ejKXqvolQ0
No matched: rtI4UiwAGSk
No matched: rrBsyoSXVrY
No matched: 2lCQGCDxmw8
No matched: DWBwAYBVHTE
No matched: 2v2NI_xKTCk
No matched: yZcbqdX4n6k
No matched: qd7bV2rYRKI
No matched: PnwzkDqKfgY
No matched: v9_jWyHycIY
No matched: 6YeFpjrI3N8
No matched: Kxa-2zuzyig
No matched: DB4pXLLgExU
No matched: sMTP5BKZZiU
No matched: Ipq3mLi4l1I
No matched: mTJJDuFkf38
No matched: zjvDXG2trYY
No matched: GC_QhqvukuE
No matched: wbPAaRA08KE
No matched: mP-S9TjJPkU
No matched: PIMy_PCA1-M
No matched: xvaPF_y-fiU
No matched: zEGJUjnd9oA
No matched: z4vtrCxncCI
No matched: 9jvQTwF2hNM
No matched: SQyvUS8djuw
No matched: egc3qKN4zxg
No matched: KjftRaeUIuw
No matched: 6ZRlKabBpak
No matched: jYzbt4BN_aM
No matched: Tj_s8xMixgE
No matched: Fv4XGQcGT-Y
No matched: qwXvdLpfmg0
No matched: CzlhxUMe0vU
No matched: _KfS1vhPccI
No matched: gaeCJZu2UWk
No matched: VRhjc3dJtOo
No matched: CcPg46ryhLY
No matched: 9L1VBzB0Upw
No matched: cSDJyE_Zy5Q
No matched: _n6vbuRs6Mk
No matched: qV2KxLgZJWQ
No matched: A0db540-B2k
No matched: 2UEu-nwNOZs
No matched: Rsg9f__trsM
No matched: l5g9To0DwgA
No matched: oXvy1OPexgM
No matched: soq7LblNofw
No matched: ToTp61mKyUw
No matched: 1RTJabAxJmo
No matched: cF_SW5_QVaE
No matched: IETYNekTZlA
No matched: Pfq5UojeYdA
No matched: azUDAl3nYCQ
No matched: Bva43e0kSJE
No matched: TKUhBIpv_mY
No matched: KOMopDV2DsA
No matched: XrrId1jVCrE
No matched: w3iqpYyjAJM
No matched: dnkr81YOygc
No matched: -oiaXBQw_kE
No matched: vI-hifp4u40
No matched: bB99HIBT9b4
No matched: EPzskdaQ8K4
No matched: aw-Ns5BDIpY
No matched: NKxJf784CcU
No matched: NAgFG-N1-Z0
No matched: 7kb7M_96qas
No matched: QalPUz_Shz8
No matched: vYD7caRV1Z0
No matched: A4a-R5_UY4w
No matched: mC3oQZa1INQ
No matched: LmuKdSWnXDI
No matched: Jv5tn4MPJV4
No matched: cf6tOGYl76A
No matched: pCd8KLukRV8
No matched: M5wrCQkVc9Y
No matched: T7DPakOlvss
No matched: BmzO7y5D9fw
No matched: 9riyDcpDXnU
No matched: CLcdvwzhsk0
No matched: bUWTZdcvEKY
No matched: yplULLsVYzc
No matched: bnZK2auqD9o
No matched: oFcypr6pQwo
No matched: aiN2ErSiSv8
No matched: qoPBxBGkPrY
No matched: lwWiM4fKIPA
No matched: qT4Hf6VtaeE
No matched: acMZ8Pa9K88
No matched: L1XEWoUtOcM
No matched: A4zHK-eP1hg
No matched: XBFhpvw8vVA
No matched: 6KH9Nz2YRL0
No matched: hcTIswZQQW0
No matched: P1r_9r6nz4s
No matched: tNvtJ_-rpqM
No matched: hoFbyA3Jkdw
No matched: KmQzowSTRXw
No matched: 9F3la-jUEo0
No matched: hR9wKy2Fh50
No matched: jnGM4BYJiJ4
No matched: mXCpc-Tb3Jc
No matched: Pq8gs85Q9Lg
No matched: K48LhGk7gtk
No matched: hNQRRsL3R4A
No matched: p_NR4qIVZn4
No matched: VRqcTcD0vrs
No matched: F5U4Ry8WN08
No matched: rSzJqM8KhB0
No matched: HKP0Gqp8UjQ
No matched: nxcMUY6A3-E
No matched: xhly8sV_Oiw
No matched: s0Z6wNuiKOk
No matched: qIMUSHaBrDE
No matched: asImajMT1P8
No matched: LExdaPZsxn8
No matched: uAUdadOVJH8
No matched: nQOCOlrQpRw
No matched: Hk9JarbsoPo
No matched: TUv7D7zUIY8
No matched: ROpIZ9Msar0
No matched: tQRo44lTwYQ
No matched: Hq1V2ymrgsU
No matched: 4KUASSv2STU
No matched: RqNkdcMUpo4
No matched: OOc4bjQhKno
No matched: OIqtM4qem3g
No matched: XH-3GrgUR9w
No matched: CQrZgsPsiRA
No matched: FrzoDeVByGY
No matched: b8eqtB-hcQE
No matched: Qnjp6oIVYzo
No matched: wxAmLCrkRas
No matched: sWWKDV5YE64
No matched: oxY0gZPoIaA
No matched: 6H67JgLwyF4
No matched: EtDyGxieKkA
No matched: 5aKyYR-iWpc
No matched: WbuIgPhMnrE
No matched: WWxGq7kRYtI
No matched: d_ZevRikZY0
No matched: DlJeWZZSpu0
No matched: 1ybDQMPc030
No matched: DWPXYiwbLZc
No matched: FZ0q0JWRVn4
No matched: sw4_9xhGzjo
No matched: waLi8tOZF5M
No matched: K_kTKt5lwv4
No matched: kFu58WPELgY
No matched: MzmHSgNL3KU
No matched: k6aXBbI7k5Q
No matched: wUmVJDuooCY
No matched: 0OdmeaY62kA
No matched: xakIprQ9k7M
No matched: bNp3p3T-e8E
No matched: HgrrS8uHK0c
No matched: ughBBL74sM4
No matched: B6thKOkcI4A
No matched: w5Eui22kgb8
No matched: wU4XyvmZv9w
No matched: 0y6c2KbCftg
No matched: _8sMwxH7d3Y
No matched: x_AD0wzf6_c
No matched: _wCLIfdsmpE
No matched: S8hiiy3Gksw
No matched: 1Rp-eaId3b0
No matched: OCBfUo6dV6o
No matched: bPNyP2q08ow
No matched: Va7qAo3BImc
No matched: DxCoxVm5eCM
No matched: h12hI2kMv9M
No matched: 5Lkc6vNFm18
No matched: pz9kG1aUVe0
No matched: FuBqSgiD9ao
No matched: vpQRUe3uHow
No matched: lC_Wbagezfk
No matched: EXy0dR9CDSI
No matched: QadanxcHJh8
No matched: oIQkve5TNKM
No matched: aZhOPmdOMy8
No matched: zDPR5Adb7Hg
No matched: B4QVbdSb2b8
No matched: OM858g1_ll8
No matched: CIYxcOdttXk
No matched: PhjU7VVr9io
No matched: o5eX_34qUm4
No matched: qGtA4XXQRNE
No matched: 5xYfM3360vE
No matched: yIovvQ_ts1Q
No matched: uG0L2JagKpw
No matched: PU1GNwiR42Q
No matched: bLeATvoMMiQ
No matched: AdKUJxjn-R8
No matched: FiUmjmOKlto
No matched: IQszQOKWV3g
No matched: 9ozZPMwBHAs
No matched: JlX7RfYAY5U
No matched: _gQkjk9uzSM
No matched: k7D0mnagnGQ
No matched: BVhPk_jVC5I
No matched: YiiEkkDW620
No matched: ZMkQi8aPk6c
No matched: mdFOm8SmlMA
No matched: 9bDMNv0g1i8
No matched: 1gFYK-ZfzCc
No matched: rxsgDab9TDg
No matched: He4MbZdEo3I
No matched: 9z689tFlH0g
No matched: dC9x3S0rJYQ
No matched: QkcglnodfQw
No matched: OCaYRl3a92w
No matched: 5yK4Z7n5NsI
No matched: ioSBpwtd-Y4
No matched: I13rK3gEpGM
No matched: Va7DxmkvU4k
No matched: SqEyf5WbAUw
No matched: NJDM4ltGLdQ
No matched: clGUD1jVJiY
No matched: WqsUbF9w5ec
No matched: azlqHvd0i8o
No matched: XzzVQra9wyM
No matched: iwjMoBQ8g_s
No matched: ljoKxnEuCFI
No matched: WYeiI0jzHHI
No matched: lOx4mSl1-DA
No matched: x_F_aSnOwIg
No matched: 5GWiyep4SqA
No matched: gSY0P3cCLVY
No matched: zPK7W3mgjOQ
No matched: ZJC_vaP36G0
No matched: RQi2PcVm-Co
No matched: x9hWuS34PwQ
No matched: RtOEtUSkHO0
No matched: oS71nkdOHFE
No matched: 25onkAGt3Gs
No matched: 0peTkUhp07c
No matched: fGRZsKfnOz4
No matched: -SfSZ3zkIgY
No matched: GKRX1S4HOPg
No matched: DZx4pifP-wQ
No matched: QdiGpmTU5RU
No matched: dgA20v8ZkTM
No matched: qFoDfqN9lM8
No matched: sIHdVzUJrXQ
No matched: 8mDE3pyuWJU
No matched: dRLY64HOC7k
No matched: ZDjk9zyy5S0
No matched: -Xqj8UwOznU
No matched: T3n4HdlAXtg
No matched: Zq8pJ3Xtp8U
No matched: AiuiU5AudYQ
No matched: DN7qTbnFOTM
No matched: jcD3H8tN2YI
No matched: d21v2_c5iBM
No matched: dxcv1AZ31ZY
No matched: -h7WChBRaOs
No matched: 9eBEYCKdnsE
No matched: r5YKG0LnyKE
No matched: K7YZpwl4E8g
No matched: LduCu2eAyds
No matched: UBIO8vWO6Cs
No matched: KI_wjlEykbM
No matched: NkT7hYAdFpY
No matched: wpsbFfT5uxg
No matched: KAlF4xxRTwI
No matched: eLK4UlIyBVI
No matched: pZpHdlORAGw
No matched: bnbTa_seb3s
No matched: bUS7TzNMNt4
No matched: xtZPRdAowkA
No matched: cf6Pi2tizzE
No matched: SllXDEjCd48
No matched: QIFIWn7FCRI
No matched: X5fXfwwJj2A
No matched: nIvOOc5D9Sc
No matched: amNG5PDY23g
No matched: wbSf94e-l7Q
No matched: 1Hgg_s0h_5I
No matched: cu1NS0XnxHs
No matched: _EaFalZlcCM
No matched: 7JVlwb9cqYU
No matched: 0OwiU4fMCo0
No matched: XlNmv7AVstk
No matched: mFVQn8Y0l5c
No matched: 1iXOXDKQTZo
No matched: w46rfUN52ps
No matched: IrzY08JBq-o
No matched: l873-x6XQlM
No matched: wynU4BHj45k
No matched: HX4XXvRupbQ
No matched: S2e2fJUubBQ
No matched: cCyWSEeveq4
No matched: mOIppi_j5C4
No matched: rozny_I56zw
No matched: DI_JcwYA1tg
No matched: 6EvkI8K2iqs
No matched: 5i2DSh2ERZg
No matched: vB0MJq1jvqo
No matched: Y56rJlMpKuw
No matched: qo1bDLc4ObU
No matched: BfBn70-pScQ
No matched: 8IRw1rV912A
No matched: nfDl__eD8kk
No matched: uiIdw0PdalM
No matched: m5PeTPVy7uY
No matched: PCMo1yKhKbM
No matched: Bdn0qcrTv0c
No matched: SvgPxOoLdgU
No matched: uj1h1R_tCDc
No matched: x6XfpH3B2B4
No matched: jyvGw68RPtc
No matched: AHcTWlxWzpE
No matched: QwV07-xR43k
No matched: A8pxVR0zLR4
No matched: hPYlFke4lsY
No matched: twT0p1El9NE
No matched: fHliTPc8cqo
No matched: 85A2jBEAk9I
No matched: LHOcNANpKMU
No matched: zZww2mnN9aQ
No matched: 1Cgn9kqKg5A
No matched: HCqfKu4RFus
No matched: Y3HwXNtffjw
No matched: IaNEbO97bS0
No matched: Sj1v5t8DSIk
No matched: GtM1Elzkm3E
No matched: 6moH9DPQtLc
No matched: vMVVPg_HQH8
No matched: ozFgkgS8FIU
No matched: zdmFmk0UYfw
No matched: n7G4jyJ11_k
No matched: 5a-O68MKwaw
No matched: l4LaKxdQk-s
No matched: gVC7eJzI3m0
No matched: 5R_tamBgY5c
No matched: UISeTUJ0u8w
No matched: mKr1Ocy8Uoo
No matched: 4E8_Hl8-VeE
No matched: 0ImwiQWRWFU
No matched: EffiZOT_u8I
No matched: xRRRWcWVwH8
No matched: YtUL0Uo-z88
No matched: F0qX5j4Z7HM
No matched: f9YQpWB36z4
No matched: wLH5uKyLzfs
No matched: jVVuUci5FPM
No matched: ER5ZZk5atlE
No matched: Hwh850Zti30
No matched: VtKz4l7T4pY
No matched: he_8m4tT9Oc
No matched: BwCkfjSqNkw
No matched: kxtdBSQMCos
No matched: p9umjbyJ5Xw
No matched: I9Bu-3N9DHg
No matched: n2FOQWM4jeY
No matched: lz5kQiDRhN4
No matched: qGDYOdgfY6Q
No matched: S8oMVs-yE88
No matched: v7-e-m6Q_gU
No matched: GD_PxMvzDEU
No matched: GAOqD_a5OQw
No matched: gOXn4Ko7Soo
No matched: 6ILoNCutZFo
No matched: WUhNJc7C_Ko
No matched: diEmP3W0HW4
No matched: 7WlwFAC72D8
No matched: 9lFcgDCpaB8
No matched: pG1xXjwRP3Q
No matched: NyItJJm1FCQ
No matched: 8W81Id7FNc0
No matched: oUQKO5qKEBc
No matched: ez8Wb5OI1A4
No matched: -2FKhYSw_zU
No matched: FjLuBztbwPU
No matched: V--_vlhnFRE
No matched: nXcU8x_xK18
No matched: 2p9rC5DVQRA
No matched: zJgkQrpqFus
No matched: zmMwO8t3bpg
No matched: b3hi0V13oag
No matched: XgEGjux8mfk
No matched: a07Q2f-3y2g
No matched: gtbSj2eEyOI
No matched: RRhINrvAN0g
No matched: 55D0OGZFciI
No matched: b32tZfte_JA
No matched: pK_TA-4Cszw
No matched: JvHtB7FTvNE
No matched: h1A-Vy6v32U
No matched: 3fQyjkxKujU
No matched: I-d7yHE8GgY
No matched: jRE-x1zgsZU
No matched: rOD-yJIyMQo
No matched: f40acpkO69M
No matched: J1oR37ppyjc
No matched: tCF2QTKAGJQ
No matched: 0R1Vbst6Gzk
No matched: tv_rHrVQTh4
No matched: VQKt58kuEnk
No matched: EP40TqqxbW8
No matched: jHLm5Lne3D0
No matched: WNUh2XH5UHc
No matched: uOsfnGmnhTA
No matched: iwjltv5JKbg
No matched: uo47i-a2evM
No matched: XNZCn0bfZ3A
No matched: kfLa4wb6fmI
No matched: 4vQNM_IFu68
No matched: WNb3wKDVqgQ
No matched: FExOOm3DO1s
No matched: 6YKbb7nr9dQ
No matched: FOu6GB79amI
No matched: cGr1dKj6NIo
No matched: 8FwCUCquFsE
No matched: KCESoS0bjkk
No matched: gedIYF-oi4U
No matched: 4Un87DKQ49w
No matched: OPAbFe9CiVs
No matched: yo1jh759AMk
No matched: uNW-c8AGNZY
No matched: 1eOYeUjswTU
No matched: wesk1awo4mo
No matched: IRhl1lr0nJg
No matched: gethojmKAPI
No matched: zOEIKSFBnaY
No matched: PIvDtvjAr0M
No matched: 1O2l1dc_ohA
No matched: BYkCbDiN56M
No matched: IM_k_c6Uj0A
No matched: rZkg6iG-ijI
No matched: Ccum_Cu9sP8
No matched: R_Ef4R7mMys
No matched: Ob1DrwSXSA8
No matched: eTslo9v_Ktg
No matched: MQtsBfUs7xo
No matched: ftuhZLlnOFE
No matched: 5eqAXD_Loic
No matched: dBr3_X2qrWY
No matched: ODCfj0rV6DY
No matched: 74cRe6u9V5M
No matched: xdfG7rHMRZI
No matched: oJxqkTWX1uA
No matched: Z7vGArQgHjw
No matched: jUh76vAZQt0
No matched: 1Qg64NdJo7I
No matched: _qWk1HeWNN8
No matched: K0lARXXG3XI
No matched: GUW_LlGITlA
No matched: buufZdH3u3U
No matched: i8qGK2OvhyQ
No matched: 4Wh01xdP8XU
No matched: qtxZzu8Djlc
No matched: 7PndxgRQFiU
No matched: 1xzWkU-sXqk
No matched: dgg4_rsN2kM
No matched: awg1nqkZ6qk
No matched: YH3H_BugMck
No matched: mW9TU0t75EI
No matched: gF0GI6qYbOw
No matched: KOojliBCYws
No matched: l8EfAdA3RCs
No matched: 9ekcWQxgk3k
No matched: C_AoilMFFzI
No matched: NVd0O2lmTcw
No matched: DmUvUYqs_FA
No matched: oAKPVG23NUU
No matched: MqN4YXCLmUk
No matched: V22VlNgPIWY
No matched: a6Xt23ka5e0
No matched: rhGJCOOdVOY
No matched: lkF3sag4AfU
No matched: fiBfJgZ80pk
No matched: COhnvR84uxo
No matched: JmKHeCe2_Uc
No matched: DKVcY7Sc3SQ
No matched: 7oZ8eAXrGxc
No matched: HyeudFIPwo8
No matched: Q6mX3pxiO8U
No matched: BQQvtQYE7cM
No matched: v2mTuXjcUlk
No matched: E3s1RWvn_FM
No matched: hLWHuKm-BvE
No matched: 5Uplg8Zyoc4
No matched: ZnDGl6vkl74
No matched: LQNAFaSQvkA
No matched: K_6YP38EmT0
No matched: JZRqMRwRKX8
No matched: VP1ZMvebIlg
No matched: EOAUPytTPmw
No matched: 2Y9tVf_8fqo
No matched: XvtdcVoROTw
No matched: 2Ax-deW6c60
No matched: HrUXWRHRAlk
No matched: qsuh7JzpWEs
No matched: A9Kw5erZjXw
No matched: RAOesgyUGLw
No matched: C_ddnoHNbvQ
No matched: BzpkWXfUL6o
No matched: 5QaMWoyVq-4
No matched: psqy9d6IvEA
No matched: R3QKhWcSGKk
No matched: wXkS5G3vtXo
No matched: HiPjPVW0LS8
No matched: bl91I15fXH4
No matched: z5mhzN4dSm0
No matched: VntxukzvjJE
No matched: _J9q5nxVcfw
No matched: XFbQFzWwaKI
No matched: J4yr8_pcHMI
No matched: S7zEwDJ-Qgs
No matched: LeDurYNh1yY
No matched: n1-WZAdsqCg
No matched: 1z7WH4DfDjM
No matched: B5jPgN4Jg5M
No matched: 2jKSDNamiLo
No matched: kZdLdDC92w4
No matched: s0AibYB8Oao
No matched: TsMa3DY1DfE
No matched: l_w2jNwpvHw
No matched: Z2Ez8BDJJWA
No matched: Vk3Hh5P6ANU
No matched: hMNRDVdPd-8
No matched: sS7AA3sFtok
No matched: DnJHaveemUk
No matched: 2jAJi5QUr80
No matched: uRUqaS0QAQQ
No matched: QsMDDavZj0c
No matched: s-Tfmm1yDE0
No matched: Aw1djZ4T9cY
No matched: T7ibjISK_dY
No matched: BvAai4Zw6R4
No matched: Lz-bAbJ98gs
No matched: gTLSlgkt_vc
No matched: Gd67rdAFKEc
No matched: FD7OOJZ0PBc
No matched: jPRh0Thr0H8
No matched: 9J-49lZorzA
No matched: 29Yk_J-myrs
No matched: tLKA_VCkR_w
No matched: fTXvbRntlkY
No matched: 0DdjM5afLMA
No matched: e0rca3HzqTI
No matched: 3hhzWEVCiko
No matched: KKu61KnoTeM
No matched: Soypyws3NTA
No matched: -I545RYiSjg
No matched: 0dinQojGtKo
No matched: XG9YZ2HtK-s
No matched: nf1_9hUchgA
No matched: g-e8k50_Gs8
No matched: P2DmNBd_9ME
No matched: gOTA-lNUiSI
No matched: Qh6aNh75SAA
No matched: 4n242FwID2s
No matched: bKJUN6rvM4Y
No matched: 3AeQqQW2Ovk
No matched: hvOHT2Rq8OM
No matched: S7ocSNh5rMo
No matched: YPc-Ae7zqSo
No matched: sZCWZjxlPH8
No matched: Z97d9eHT0mw
No matched: kKcbYiJEcHg
No matched: a_n4P_tnVJM
No matched: fSg0Urqpf_I
No matched: BaJ3tJ518gk
No matched: ONH2EeivYyA
No matched: bnnpsi0mH6U
No matched: 1pz72Wygg8c
No matched: hnwLwRDgTpY
No matched: gK3IMdf2vBc
No matched: GGLEaS3plq0
No matched: sdElCf1NIFU
No matched: Obeoc95T99c
No matched: gF1fJ_cTcwk
No matched: VJYJbNLxTas
No matched: BQrZVnnP3Is
No matched: BRVUHIKJgmY
No matched: Kinx37NEflA
No matched: dbnWtCAXMKs
No matched: NesZ0QhNi9g
No matched: 1CN7PF10RKo
No matched: -te2OsCFWlc
No matched: yfWFpQJgvyw
No matched: fNTUBfU2pXo
No matched: y0A8FSwmNeg
No matched: C03gIAzCnKs
No matched: AWukl6lqyJI
No matched: gxnosgfNzn8
No matched: S1CVOhO8hkE
No matched: 8csoJvaADDs
No matched: nHGH09jPRQw
No matched: Bv-sdToNJbo
No matched: AzB1Wf2T01I
No matched: LTKNdvcLrRs
No matched: bXYTFTQkTQ4
No matched: IlViYbvLqI0
No matched: mrNYNhrSNaQ
No matched: cAF8gcdMvGM
No matched: Jm6TW9IkcxM
No matched: j3TFzg_GEiA
No matched: 1hjZURJugUc
No matched: mhexKxpYkac
No matched: XLCrq_DECfM
No matched: av3VFPQfmA4
No matched: 7imyTYEoeF4
No matched: A58kN4Mp6hs
No matched: ikt8Kr-3kFk
No matched: pV6iSiZWPn4
No matched: 4XE-l-z0TLM
No matched: YC-9odV4fG4
No matched: etEip5BHunI
No matched: nG_aWLnwzAQ
No matched: y9N3YE1uN_A
No matched: rVEta4gLARI
No matched: w_NISrwQWNs
No matched: aTbE6XGT6uw
No matched: dZr1DatT4J4
No matched: FL55rGE4ycc
No matched: zEJJJcaqmj0
No matched: 9kkHr--xP-0
No matched: P93_7yB6gho
No matched: 1s_M3-bFg40
No matched: c0eb2zpJr-g
No matched: vsabI6Z_FsA
No matched: 8LMK2OgCI98
No matched: aSLE1Vsh3Is
No matched: iUvXecOn6ZA
No matched: qPL389ezUiA
No matched: T00s_uacMi4
No matched: o3_0Yc38Uto
No matched: RrYq5KR0rSI
No matched: pg63A6WaC-c
No matched: Ad57MQZhLDY
No matched: 0Amg53UuRqE
No matched: Jihv3iSi53Q
No matched: LSAypgxImeg
No matched: bUtErxgz7Mo
No matched: GRm_IvFpqKU
No matched: 7Gp08e63q5c
No matched: i8u743GbfXM
No matched: BinLZbSBSkE
No matched: EkquuVm4JpY
No matched: 0E0NmHQ0WLc
No matched: bsKOweQJJ0s
No matched: k3h3o7ce61g
No matched: wA8KoTKaD8Q
No matched: laqdALEk9l4
No matched: DIrrlaA1wbA
No matched: oaOkbXG0Sfo
No matched: xF2FEwHIAx0
No matched: Az01IVdwwtc
No matched: 3fsK90nUBZE
No matched: FZ6UuvWZI9k
No matched: A2Df3eMSWYM
No matched: fu4PRmu2EXo
No matched: ID52E84wz4g
No matched: xPdBcA0FwYk
No matched: YuURXz7_vzg
No matched: y0P3vftZ9vc
No matched: gO0HIjmxOrA
No matched: q6XBx4wO1D4
No matched: FgA64kW_H2A
No matched: rjwP2Btzu1w
No matched: D8xbRhjTlVM
No matched: gKu-dMK-mG0
No matched: ALqyzmgT5VQ
No matched: 2YG4iqevsPY
No matched: Civa-Ikkhaw
No matched: -Ib5yM8wwSo
No matched: Cuqw0ptYR48
No matched: hc8FcoIjs_Q
No matched: XYS2R8L2c8c
No matched: bvg8NIrxdak
No matched: UiSFxaEJxrA
No matched: fBBlGo4K_po
No matched: GV_L6WTUk8g
No matched: ReFBB2addFs
No matched: G8cIFDia-kA
No matched: jMDONZThfLE
No matched: XoqOZLWBgoI
No matched: l4A9yB_0RiE
No matched: RgmcKNE4Mj0
No matched: BQEQ9jVUkbg
No matched: OKG3qoxYP9s
No matched: t2KFb6-jTDs
No matched: gqKbrBou1l4
No matched: ItHlwIZNNVI
No matched: beghVx_azrM
No matched: dpmQ_qQoXNs
No matched: fROKSEuhKts
No matched: xjVEq_K7CDA
No matched: TbTm1Lkm18o
No matched: WI_kEjhltlY
No matched: 11llJPhPe0c
No matched: M7qQxq_8Qg0
No matched: NF7o8_q1n4U
No matched: ZAJ2zJbn1OM
No matched: C5N6ocwms18
No matched: A9jH9bBuV3g
No matched: fX3jvlKVwZg
No matched: rdje5Ohw3Do
No matched: 6fHUdsgyWUY
No matched: VilGTm2UsiA
No matched: b_J1OYQBGsY
No matched: AfOCpKK03kk
No matched: ZCFsE5ICJas
No matched: tN6fVgMx5as
No matched: UeLqyw9Wfys
No matched: Ta-O5dzOrl0
No matched: EV6by1WO1n0
No matched: PYyQ6zCdWek
No matched: yT2tiN0Gmj0
No matched: 4qK6GgaHRxM
No matched: fFarhSw79OY
No matched: I79rRdVGBJI
No matched: xV4L5td45o4
No matched: bCQZJEvoUis
No matched: TdgS--9Zg_0
No matched: eglsCI8XN3I
No matched: 0YH5BKOls9E
No matched: G6FsnQgmTTA
No matched: 3s6ZBs5ddZk
No matched: ri4u2ibU5dU
No matched: _dfmm0yZ_CA
No matched: sGU-aedrHL0
No matched: 86BFW7Gye0I
No matched: acW_gFi-me8
No matched: neQROujJgEo
No matched: BzRR3Mo4noU
No matched: 1d3A4vN8LSg
No matched: zSuKuGRb95U
No matched: FtYW4sPefhY
No matched: aDHCLhsnfjI
No matched: w_fJ3wMuhAc
No matched: qJVNl5wKZYA
No matched: BRG3uUCuuy0
No matched: p_ferNp1t78
No matched: YP_k_VPNvGQ
No matched: NI02IwssqeA
No matched: 07FF58-C78I
No matched: Q4L75hqnVhY
No matched: zrbgjW_znw4
No matched: TEndj6xS584
No matched: 0eAgHIPnrho
No matched: otGQiRJ9Scw
No matched: -vXJHYVx6M0
No matched: v2UsRsCkkeM
No matched: y93LvWqMnMk
No matched: j_rk1LwtzGo
No matched: dYWLfPmnJSI
No matched: wPBCabWaFrk
No matched: 8SPxr8OdaPY
No matched: xn_Z6UkwNiM
No matched: 6BVUvuX_6EE
No matched: 3H4R5NHcspQ
No matched: _-0jxHl6wK8
No matched: jMO6XMMpP64
No matched: zKDjjZIfYJY
No matched: YWT8FoAka3c
No matched: lZcNlgsEriU
No matched: BJ_0D12t3D4
No matched: 2NcGLkX_uOY
No matched: 4QZhqwZH8RQ
No matched: lGKPxMBpgSY
No matched: AyYvJ3JlcIE
No matched: EC8XTeOSfs8
No matched: 5s-NOJTYoJo
No matched: go8e6L2MRNk
No matched: sE6KtVPZ8Ts
No matched: a-6YW-7KjvM
No matched: Cfn3R9F2Zfg
No matched: q58yWeFWNfE
No matched: U4KqdWwQiZA
No matched: 2My4bcCCXvI
No matched: Xys56fpFORw
No matched: Yy-ceDgVS8I
No matched: My1eb19F8eE
No matched: 2Q6acHdP8t4
No matched: s3u0y9TH84g
No matched: IGHVddyFtK8
No matched: 8xJtha5EyB8
No matched: eK3dyrbMvDg
No matched: hea5jgnYqfw
No matched: WHgYEtlyzNE
No matched: hIYFOW_4P-k
No matched: y4qQeqcwpFs
No matched: VclIUQtsyvY
No matched: 2ZY1vuVjeQs
No matched: CMxObVfrKPE
No matched: fhFz1Qf_u2k
No matched: Gi-OaiQvnTU
No matched: VVnCDROSmV0
No matched: p-EJ3kDwE4g
No matched: QrQNQlEVZNU
No matched: u0ATw2yYJNI
No matched: _xIOaGsMLDY
No matched: 7Av56X1M4pM
No matched: Ze3M-f71JhA
No matched: SY_RtYRHRGo
No matched: ZOjysBG348M
No matched: TLGwUY_hnI0
No matched: SqzSO7j0b2A
No matched: j27FMKAR_YE
No matched: w2D2KczzAjo
No matched: Jz4i_meW7Rc
No matched: BkkxiRkT9C0
No matched: J1z4sciJDVk
No matched: jElpEwMBNsQ
No matched: ZQXWR8-CPoA
No matched: 2tdTvx_6sYU
No matched: UmJV6149vvg
No matched: RxGIuwxA4jQ
No matched: Q7ZBmkvUd0Q
No matched: VRt98mzdltg
No matched: TpQY04h4Ojc
No matched: v0MVbrrIcYQ
No matched: IihWKaC5S1Q
No matched: l0IMILGXqcA
No matched: ix3debCgehA
No matched: kSSRyHi1fDo
No matched: kpRR7ECv05I
No matched: crAhapvUGzQ
No matched: hdjWAhF_9GI
No matched: eQOWulWlG_o
No matched: MkaBXs9aPBU
No matched: iYH8rhuWN-g
No matched: Fm30gghgKtE
No matched: yILMYWUT2pg
No matched: c78GnlSHKvM
No matched: Fk1LVGX64QE
No matched: cXNrqTkSeIA
No matched: dlrJINGruis
No matched: 4sE9GfHcI6c
No matched: j4zzbly1NF4
No matched: EduNYMQbFCQ
No matched: DPa1EdFe9Ik
No matched: u95jLaZYYtc
No matched: fTosle3h3G8
No matched: 6JBsvyTHcIo
No matched: Us85uRV6HmA
No matched: GvAWP-CPIDs
No matched: R4pN2-C6_0E
No matched: dUOWWuXqc3s
No matched: MsRzU4jmHlU
No matched: thzeVKuoIvw
No matched: tshdC5HX0IU
No matched: Pu3WwOJfEZY
No matched: rzozw8e57oQ
No matched: Xb5zSRZvRKU
No matched: K0TDajzeomg
No matched: SygEchYKXuw
No matched: 7nUPqnsp8T4
No matched: tEz48WxGi9w
No matched: euEphIeWjK8
No matched: OCFwlysc56c
No matched: 6ed_I_aW-DM
No matched: o3d1yb90LoY
No matched: yGS2rfWCuW4
No matched: MsiJiLiU7_I
No matched: U3U3iwir0wg
No matched: k1luKAS_Xcg
No matched: WAsWToqMLi0
No matched: ST4JS67J0Y4
No matched: A92FzBm4Bqk
No matched: eIqYWIL45es
No matched: ILfzmFBuZAo
No matched: tH91w0cC8b4
No matched: smiCBnGy5ts
No matched: d84AfRFlYf8
No matched: SEbg_dGQ0uI
No matched: J_XdcRsnoU4
No matched: tlbHctqQV28
No matched: 4Nx7Makso6s
No matched: fbjW86i-_Fk
No matched: ado9I6_cxNU
No matched: Ti-xKTC5R3U
No matched: bmA_lW4dC_c
No matched: yvheQ9lfAok
No matched: PpDYDnexqFA
No matched: p0jDp3ASGME
No matched: NJCPXZHKLKs
No matched: bUkKlmaDNgg
No matched: FruvaXR8aeU
No matched: P1vztMFnii4
No matched: MNsy36AAQDM
No matched: 8kpD5YKW4QM
No matched: kn9981SL_8k
No matched: HOBlWaH-Owo
No matched: 9VSdc3EbPYw
No matched: bkH_X-CUXT0
No matched: nYIYTbXlMEE
No matched: t592sxi5-6A
No matched: K-7ILI6Vke0
No matched: 9iA6ftcCUYk
No matched: YS-eN33vnfw
No matched: lkRyc8jbs_g
No matched: 1NwlpSArDA0
No matched: eADXNiiMPfM
No matched: UoCRa9mT4Qs
No matched: N4P67OS6ncw
No matched: Q__wKLIj5so
No matched: 5g42a03ahI0
No matched: m3-_jYLSiE0
No matched: snsb3Pc_C4M
No matched: I5oHMLIzxHg
No matched: v4dmjAZLtNw
No matched: lBkd11buRVU
No matched: UOfRQz_ZZg0
No matched: JcuMJdBo0S0
No matched: F1pg-hnlvQc
No matched: Nv6Xx2LB-y4
No matched: SMOxF17khKE
No matched: a-5KtO7iSRk
No matched: kYKQqlXv3ZQ
No matched: JOywloqHW48
No matched: vjz2iWgxfro
No matched: wREs4YF8-Eo
No matched: ug1ltNg-cEI
No matched: 0AfEw_hPut4
No matched: PwcLzRZIzuY
No matched: _DJagcRyZQ8
No matched: Quv08Pqqq4E
No matched: SR6DIC-1gkM
No matched: YJF1hqi0y_o
No matched: q3ngHRBPN8g
No matched: gIjbHUu8fLE
No matched: x5LLpVG1uCA
No matched: hm8edASoulI
No matched: LVIK448r4CQ
No matched: 9EcAL2QoPAA
No matched: 7Px__BEoUNg
No matched: QoofikrVl18
No matched: qMraFM0kmtA
No matched: vN-TTRJU-0I
No matched: hF43jXodoTQ
No matched: ljoyxabtMaU
No matched: 7eYiulwM6ec
No matched: NoyjL23Bwhc
No matched: -PcXAxFjrZM
No matched: bAmHkmSpf28
No matched: HtM7skvqhs4
No matched: 9nnQq4lP_6o
No matched: AkaIeU0crKY
No matched: C9zTQgfnQFo
No matched: ioq799NFAJ4
No matched: pyOSR0JMIlw
No matched: hQWnOXO5QI4
No matched: XbaZsKg39bk
No matched: DuuRipsd-7I
No matched: eqqhawQdXjE
No matched: bSachTZoYy0
No matched: Z4F0Tf4ohIg
No matched: wCunBgbqY38
No matched: NjexYjfDyDI
No matched: LNTmEG-UF4A
No matched: 4Ej9cVlKBho
No matched: 6cdpsdGCrpM
No matched: _IHUN-2svGI
No matched: sKnp_JzjnaY
No matched: Yvth-rzT5FA
No matched: fNAQQce3Vvg
No matched: OPpG4IcPqnU
No matched: X5cnFd5iR1w
No matched: dhAXrH0blxo
No matched: 2HCP1wAJyN4
No matched: L8MxqbhnaiQ
No matched: eRryz7cWjiE
No matched: 3xf0DzyI4FA
No matched: LdX0HRQ8MVI
No matched: _6unBI965i0
No matched: ynObHjoil74
No matched: ML0v8Lowuc0
No matched: ICUsajmen3g
No matched: UQcugKUiLYk
No matched: ry6xAqMia_g
No matched: Qo1F66ESlK8
No matched: YkhFgLxQJaU
No matched: -EdqxIR_w8A
No matched: 5P9oTBtuDnc
No matched: LUxOe0GBU-Y
No matched: yuIuz_1OnPo
No matched: 1W7givNsGKQ
No matched: QJi5zpvMLkk
No matched: w2hBf7rLD8A
No matched: j4SSQcHt220
No matched: UkwEe10b6c4
No matched: 0EN7lMY-ugk
No matched: mGc6clf_Wt4
No matched: t6W6TNWy-Bk
No matched: SCMtSVb3qgA
No matched: tC_QKp0ryc4
No matched: -ymfu39buDA
No matched: EL4VUNptqrs
No matched: _JdczdsYBNA
No matched: 6EzrOqBWcUk
No matched: J_BiizyW8fY
No matched: T1ckI2vuywg
No matched: qrZjzeDi7So
No matched: O-xD45tKAmE
No matched: 7tm13ydXigI
No matched: gL-iLzh0SqI
No matched: W_fQvcBCNbA
No matched: x6M54FJQy6E
No matched: X30tpFcKlp8
No matched: Rou75cS3PW0
No matched: XM4-ANddP8s
No matched: sSfz9I2trUg
No matched: HXSRiGywpJU
No matched: olGRUhvICh0
No matched: xjuY3lUfkK8
No matched: bl554Dg9sRo
No matched: 2WvAdI1vC-4
No matched: 0pZQG-qadfw
No matched: qOODoNuGD08
No matched: K_7wq0ABuy4
No matched: RUujtYOojtw
No matched: VoSk-LlHUmU
No matched: BHIgxnOruwU
No matched: zKr5H2DgycU
No matched: 6Z9QS4DOl1I
No matched: 3vQiAbsoDW8
No matched: b29mjCs7raw
No matched: mj0Ymr2DzUY
No matched: NN7D35FHHWI
No matched: fgAXbgle5zs
No matched: VWHFaLYDRnk
No matched: -zKCb7fjNsM
No matched: GvlYU6DeiYg
No matched: _SBK1H0d1UM
No matched: EqkIX1-gWN8
No matched: f6y0C2Y2CsQ
No matched: DCcUb02lPoQ
No matched: nhUiuoncCoI
No matched: gpULfPf1aYc
No matched: lEoOb3yKsYg
No matched: 8CcdCoZOcv0
No matched: tGuI9CKjSO8
No matched: l4QIeKWHECI
No matched: FZ-o9sIaA10
No matched: p8NG6gJZwOw
No matched: GMezsQkFfyg
No matched: hlKsJArjXN4
No matched: RbqWTltvFVc
No matched: 94UxRWgJ218
No matched: GfW7ysYIB4Y
No matched: HLQ6c7v3xRA
No matched: pO75M80GwvA
No matched: lTTtm4kjZSQ
No matched: O_gHtvTBPNc
No matched: tqEHCREOnDU
No matched: 8IqjcNz3MqQ
No matched: syAI66BEYQs
No matched: SPAMt-Gb1XI
No matched: Q4gLIiquQKI
No matched: ewygzcnRPFw
No matched: u1vLRNDvOog
No matched: b5vxpkZQmDk
No matched: fyzfweaFCZU
No matched: gNiKVrvSHDg
No matched: aANejG5zalw
No matched: AFORXaJ3aGQ
No matched: AHN2alVwfEQ
No matched: 92AClPNP_gY
No matched: UR-4NWRbyY0
No matched: VZspf5uetd0
No matched: eq5FT0OiRx8
No matched: jvmv_JuJc0E
No matched: PGqzfZkeC1w
No matched: EEWyTiroj3s
No matched: 5CnA6z9mKvg
No matched: td1Z7vmnEi8
No matched: nUWfVR29hYo
No matched: 4KvbrNg0sU8
No matched: Gk0jjkC9_Fk
No matched: sycpRM26rEU
No matched: cvGxlNR0VBQ
No matched: XiR632Pc7l8
No matched: euf-_9iC7QI
No matched: StHy-X5aBis
No matched: tkZuqQt59qE
No matched: ZHHgwkpNt1Q
No matched: JLlcFXn43ao
No matched: cZFFGeb6BDk
No matched: H2jfbTbzXPA
No matched: G6cPBNBMSoY
No matched: v49Xif_OG0I
No matched: L4HoubjUF3A
No matched: GRu4_0v1l1s
No matched: DOIllGDNKw4
No matched: ryniskwZhRI
No matched: buPuMkjy9R8
No matched: y72EMlwqCH4
No matched: OLGx9_Ezxt4
No matched: BK0QbhsL7do
No matched: EXZduDnHvIg
No matched: 70FY8UP0HNM
No matched: r9hCq5AXmmw
No matched: v9TsqUP95ek
No matched: xu5E71ZLFD8
No matched: jXgs5n01XmE
No matched: NKCBZi3nJyw
No matched: uf7g7oriuXM
No matched: xx3yk38AkEc
No matched: TqlZ2A7XJg8
No matched: DEqY0sf3dkg
No matched: V1K3Gv_KyJQ
No matched: zCW84g08zEY
No matched: yVqM153UHg0
No matched: SXxeANHtiwE
No matched: DZr59TNq_iU
No matched: CATk4oaZdOQ
No matched: Qcw5KT62x0s
No matched: sQRijv-J00s
No matched: t81kPLrNNZk
No matched: vUlTVnDnCJg
No matched: _UOCw85A_qw
No matched: uGCKPXnD0rk
No matched: z_SRydTFss0
No matched: uLGDO_V5sEc
No matched: nrkHpTdb7Qg
No matched: zzQ9RGmYLlM
No matched: IPuo7GgFLlw
No matched: 9NtxjS29VIw
No matched: EwPiEa7mTbg
No matched: tnRyk2YyCXE
No matched: HThWqfwfdjQ
No matched: UgdcimA1u1I
No matched: r1KatSoj8Gg
No matched: ZJH6bNaueew
No matched: mqdgJbScbSo
No matched: sEsqgKWhpkM
No matched: L3NiUZVGS9s
No matched: YXQ_8F31rbM
No matched: rq3O-8WgI5U
No matched: NW4miSZA1jE
No matched: kIm2EbdloK4
No matched: LMtbQBX6wVs
No matched: JD5QGnX3yVM
No matched: wj2gzFNCkE8
No matched: -qHjv9jjcrk
No matched: BD_03fg86r8
No matched: Ri72t3cIBQg
No matched: WwB6bPgPol4
No matched: UwadxUEGJmQ
No matched: mohfq_U4p7o
No matched: iLuaT4xwD48
No matched: QLLUqQ3KIWM
No matched: JToQnWgXkvU
No matched: 5VuZZaleL9w
No matched: Cilv1OinJMA
No matched: sFcrfz3K4e0
No matched: T8TFniMihyw
No matched: ZXHMZCmj_Cs
No matched: iGFjRPn1FSA
No matched: cqTFe3MLAGM
No matched: 3cLT5-aRe8o
No matched: mHaWnqWDhh8
No matched: 3CiHFEJ2RoM
No matched: r9ZPD4L5PbA
No matched: _ITOaPBD_0I
No matched: s-mp7v6Ucjw
No matched: wwJovyWKj3k
No matched: RJZkNMW478E
No matched: 74ocL_9JngM
No matched: LpTYDpyQvQg
No matched: dEoJSPJUqOo
No matched: 2-8jAk45-uQ
No matched: N09FzHLkmYw
No matched: jgcEuoMh5Gs
No matched: -5qUHNUHPVo
No matched: YRRfSZzqcFM
No matched: Jht-m88WCCM
No matched: JAzzwti7eEM
No matched: P4E8o86oL6k
No matched: _Idra8rVS1I
No matched: u6hra0c4BFs
No matched: F-06WFXJARo
No matched: fbdNg7L4MGM
No matched: 4SafMuwLGwo
No matched: 5RZBI7PEhWE
No matched: HJHwt_K4Ur0
No matched: ZZX2imm_ZsE
No matched: aRp9POZrxHU
No matched: XDIwgzTdFcQ
No matched: ZZRoXEnIcIM
No matched: A9qdjF83IEg
No matched: 6HEE-jQERVw
No matched: b8cjSS6uSKk
No matched: T-mMNXxAVyQ
No matched: l5Cs_dze8OE
No matched: l9sySO-YICc
No matched: EqJj5ddhcKM
No matched: kDRd_TJvzhQ
No matched: I3vwM6hWaLU
No matched: gKRBxQ5FIOw
No matched: CXNSqRBVeK8
No matched: 3tWStPcarsU
No matched: ggLpqiI-RBk
No matched: wd6jtofxE5o
No matched: qUrKxzs4Ves
No matched: kAIko2i9hCI
No matched: QvEBgsu1_Ic
No matched: v6TdjUvS1zU
No matched: cVQVGrbhFcI
No matched: lCk0egkpm9s
No matched: 3C0G5nVK7aQ
No matched: nTBGwTAls6w
No matched: nyKdAU705Ac
No matched: LAbmE6Hzy6g
No matched: lkVYV2P8dQE
No matched: FHIhScU7Bdk
No matched: NJGRVW5YWig
No matched: BoFOqUxiRVU
No matched: BP5fJNFLT1A
No matched: ppBhczcyyOY
No matched: TMFd-kriJH4
No matched: 88ksYFsleto
No matched: fVfFOa78j_s
No matched: e3oC7L9Xjz4
No matched: kz4yQzhwU9Y
No matched: Xe5y3LBjLcE
No matched: xdo3OTUtW7A
No matched: SCDJf8Wfovw
No matched: ESWJBvyE0F8
No matched: QEzPy2RpgSQ
No matched: 4NPMH6Et_pA
No matched: 54nTM89tgWI
No matched: lfLaD0AP4eE
No matched: V43a-KxLFcg
No matched: rcktyGjOW-Q
No matched: bzjjMEKfNoY
No matched: C3DEhs86OI8
No matched: dcV4RXC-V94
No matched: nZjFTb3zb40
No matched: lQe09Ix2jtk
No matched: -o_wJwgalE0
No matched: NX5hl3gJs1w
No matched: slEEai6PbWI
No matched: TgTag6mlKI0
No matched: foNZoo7OgUY
No matched: VZ2It6CTMGA
No matched: obzB7xJ2fjs
No matched: Gqv2qCpwHKI
No matched: rWu2PHnsZFE
No matched: 1lRAxp5m020
No matched: fFRowhSSFoI
No matched: DxLqSseistM
No matched: cvsTH9MJGD8
No matched: n2nKENGttB0
No matched: xmqrChdeCMg
No matched: NnoMr-q9WnU
No matched: Fl9jYiwWosg
No matched: UY_NElnD16I
No matched: pXQlKTzQ9tc
No matched: a_hCCufVVhQ
No matched: F42Hf0_OIoY
No matched: XIXpPmMKjNg
No matched: 384JSS2VjVo
No matched: HSpqsIfkbqQ
No matched: dz35J8WOC6U
No matched: aBlX7OJqBvk
No matched: GV3RhxDbhGc
No matched: yZoFcRVjJnQ
No matched: Blh0Y1K-o8g
No matched: N6kc6M4ptAY
No matched: oRPRj6aV-Zg
No matched: c4kxvqpqeIc
No matched: qxDMaS1w8rQ
No matched: TPzck_whjHg
No matched: WRD0SXjRF8M
No matched: EuLxnFLm5SE
No matched: l5pB0b2W7Nw
No matched: gKoZzzzjdkE
No matched: 3K45HIuNgBs
No matched: CjOFGkIu5so
No matched: AaImizQHWbc
No matched: -uFFjY461y4
No matched: bdwF5F_Z0xs
No matched: 97XwhZ91bzI
No matched: Sx6Sch1AUds
No matched: mQ5HB7wQgHs
No matched: 39cUmorV4Sg
No matched: TWqULhJ73EE
No matched: bkTvl_RgZ2w
No matched: UL8oaY0eNtM
No matched: uyqLsHJ5k0E
No matched: fv4qnnzIOXs
No matched: g52ptJ_7pAc
No matched: zkZ_tmWgnQI
No matched: jjwl2rIyy_g
No matched: ndVI8gqGAy4
No matched: 0TIbt4ysxHY
No matched: qJb_uNxFXwI
No matched: be1BHa6hXo8
No matched: 3pAmMuJKOtQ
No matched: vrWCaunGNxQ
No matched: RoMvP_Zyx5Q
No matched: 02g5Eoht0V4
No matched: 1axYFWbnnEU
No matched: 4n5Wpaeiry0
No matched: yr6xKMg8iGs
No matched: kBZiBUVhsIk
No matched: x8PbwTuhZXY
No matched: LNvExTsM2Xg
No matched: UJE2wxd3qWs
No matched: GFF-Gg3PKqk
No matched: DRk8CSNTMk4
No matched: bueg-J9DwWs
No matched: OOppmKACcdc
No matched: 5l-uDEGXczI
No matched: opOLf8q5a_U
No matched: yzjNS-K7VYA
No matched: 2pHL05HmT18
No matched: h-nKu2gY2cE
No matched: ZQgeclxWtNk
No matched: JMIPBKUV0SA
No matched: VVq54_yvOsc
No matched: bTC3G2pud8I
No matched: TVZI5IdWVJI
No matched: d0NHOpeczUU
No matched: D7ohbZK9oo8
No matched: 3kgmpnZ77bw
No matched: 60E_rTsaIVI
No matched: ASD33MxoGMM
No matched: EK-F037iji0
No matched: XGRAFluN8aY
No matched: Jz3Cj1Nx-L0
No matched: FjnGdiqk96Y
No matched: tHDd8bLWphQ
No matched: qteteaPieB0
No matched: cuUGgVxL2Mo
No matched: Lazg31TN8FE
No matched: ln4V3cGClw4
No matched: NybQMjOe9Ds
No matched: UwOssW20D3w
No matched: BjoD5rh8Ohw
No matched: ssfs6HIvbr0
No matched: jtk4yBj4H-Y
No matched: K7HkXoK-1bA
No matched: Ba6qtH7YWDk
No matched: Wo8wI3BH2j4
No matched: dftsHiXQXPQ
No matched: rwEKGoDnIWc
No matched: PwSXuuUam7w
No matched: uilaNgMSjus
No matched: _WkkXJxED-k
No matched: rZCQXNLQLlk
No matched: R9pMzxTtqVY
No matched: SBOaVjvgAr0
No matched: 2E0ngo7SoPU
No matched: DzofG0NjRfY
No matched: c-tTN83B6yw
No matched: BjDmjYKp1gI
No matched: QMwNBOwBMe0
No matched: omzvd6FNdLg
No matched: uDY-qTCwYqQ
No matched: tvTfM8E9o9E
No matched: 05QpXbSjrv0
No matched: cXXPzzd2mKs
No matched: eokXAoU4wak
No matched: A8qBfUqZULI
No matched: W8aby7AGmY4
No matched: hx8OxOndNIw
No matched: e2lDMFAolJk
No matched: k5H95hFA_Dk
No matched: XHO7srWZ8K4
No matched: XWSfJrEiX5Q
No matched: Zh0B21_VYIQ
No matched: MoxJw7CFrQI
No matched: INhnWQIrwTE
No matched: T-THsiqoOc0
No matched: gXAvZKsog-0
No matched: BA1uQIngAOk
No matched: szUQhyNDSjk
No matched: jKyTmTLI8tQ
No matched: 7d0H8L8ZZ6I
No matched: u66jN-oOHTM
No matched: bMoHCxZg0Vg
No matched: J5U610Xj87s
No matched: xJKYMjES32o
No matched: 8BmLVpdWvFk
No matched: _mPFI6nMN2M
No matched: FKsJSdHV-vw
No matched: u3-ZKevm_j4
No matched: gX_JPNDVD5o
No matched: rr6u_nmgRQs
No matched: qNxn5dj4Spg
No matched: QYy_Z__erF8
No matched: NmEqy0cXbDI
No matched: 5WvW9AFIskc
No matched: z2y1L37t-18
No matched: f2nrRNE0gHs
No matched: WD440CY2Vs0
No matched: eqyvnITcHFk
No matched: zJ-Tj4b3APw
No matched: JP2gRLuo5Zo
No matched: 1gdKrtwBGqY
No matched: BtqKWY3kW6U
No matched: whSAQnO0ZTM
No matched: LqJAhzik6tA
No matched: FothKc-0vG8
No matched: jJ05k9zpk0c
No matched: g8LW20I9_eo
No matched: fgVlRIjMK8M
No matched: Xt3vmbdLFjI
No matched: 46gcXWj6zVs
No matched: iXZk_FnsG_A
No matched: yTAuv5uxwzs
No matched: VUqE8ozQDc8
No matched: sWKhnqBCdCQ
No matched: N9_HmhQBcM4
No matched: K2A_eCf-Pyg
No matched: aahRwULqE0w
No matched: xMHqxIXc93s
No matched: 8h6m543oUUQ
No matched: uCiltLRM3aE
No matched: gh_5C0AYdLw
No matched: RHQ6gKJ2j0s
No matched: 3XQP_6ayO-8
No matched: xgpSRy-H-RI
No matched: 6kMHKojDz-4
No matched: rSlzdbi3zVM
No matched: XI-PZZbxG3M
No matched: TVBU_iHJ1Zc
No matched: NUf49hAo18Q
No matched: oaQwtkkyWTE
No matched: JhmVzMI7E-U
No matched: OSUYOekH2-c
No matched: RZBgfRXoIv4
No matched: 0W65HKUGoMM
No matched: fxrxYFpc2bQ
No matched: gAvPq_JxbDU
No matched: eiAJdX4y5uA
No matched: oZG_tnVnr9Q
No matched: T8DTwsX01b0
No matched: wYPcktsOodg
No matched: fsNsZMeLDQo
No matched: aRvIAP7LbwQ
No matched: Nrw6nvILAu4
No matched: fsuSmjzcnpc
No matched: A_ep6G7XbYo
No matched: JJ8atZG4i5c
No matched: qt1fRppAVLY
No matched: YNBUBc5Fa18
No matched: KvQsCrHrsOk
No matched: cj5LZBmiQu4
No matched: ToHNr7iiJxk
No matched: xGd9-vKKuKw
No matched: lvZ5wf_VzcI
No matched: PQzs15rFni4
No matched: VM7rVb_uUYY
No matched: iR03DYVUqbw
No matched: RlRLhCOt6N4
No matched: MfPETA4-dvs
No matched: NO2a7EWGVaE
No matched: BYrhMzYf-GQ
No matched: U-a4LTXF18s
No matched: oH3IuM1fAxA
No matched: L0q0buX3fmM
No matched: J4bcSb24iLE
No matched: IMRoVGp3qGE
No matched: c3NcIYEMyFE
No matched: N1NQSfhlaFE
No matched: sZy5rWh0_fY
No matched: XjO_k1a73ys
No matched: KxQ7Wuo_sZE
No matched: YTZUIjKZZu8
No matched: cfNDSO3ftVA
No matched: EQWJytHDA4w
No matched: DyUsjAjPYNE
No matched: YFmNdv_9hEo
No matched: e8tILle47R8
No matched: x4ASO4hSfsU
No matched: FboL3qk0pGQ
No matched: SBtPLzCYnLU
No matched: b78E9dQ23b4
No matched: ybZtPZhplaI
No matched: StBH3Dyztn0
No matched: h8-Wuw_AW1o
No matched: i-CPAt3j2pA
No matched: -L7uTjT-JP8
No matched: EOWpIjeX-HQ
No matched: cbvJmfiASGo
No matched: 0sCKomTj82Y
No matched: HbumexOcxTU
No matched: nJnnPwl675o
No matched: ehYEaTxPEM4
No matched: FMy0BIjmn4s
No matched: u_63QommvuI
No matched: c0Ap3VXN1_k
No matched: B5gqy4w-gB4
No matched: JzwuiFwxR1Y
No matched: r-p89BYgCHg
No matched: Jl3gnP4uG2o
No matched: yppb4K9KERc
No matched: nCt_toYo2uc
No matched: gJQRNs_lZgI
No matched: EXT7AA41qqo
No matched: Asl3I4UoGdU
No matched: q_5QpYJuGa0
No matched: ESVBAe8g2Lc
No matched: mCMdedlQB94
No matched: m7Mf4HliR_w
No matched: EaVUKW5WG58
No matched: yYjccya53MU
No matched: 4JYL5VUe5NQ
No matched: fPKQK-OC7uM
No matched: cTbO_Kb84Rw
No matched: 5FO0fgn7nLc
No matched: Iciuh5pbnsI
No matched: 8DviJtgzwU8
No matched: oZOidcopG18
No matched: BPR60WFHKXc
No matched: ZwgjGgzBKsA
No matched: 8mOn_tzRlFM
No matched: TZ6QiKFgMmc
No matched: wuXYZCs4Pg8
No matched: kjuYIJ-_nqg
No matched: 3dJGYjgj-c8
No matched: eTbLE-ncMhQ
No matched: qgCAt8loe9U
No matched: S3RpaLHUDWg
No matched: JeNnqVw4YuM
No matched: L85zt2xtjv4
No matched: JrJby1YKyaM
No matched: s0s_O_IY6lE
No matched: 1guy46rJ4Tk
No matched: ufjV1fdCTbQ
No matched: ENqrBN9MPKI
No matched: hQ4y7U59AAc
No matched: gsg33-ynze8
No matched: 5FXTlOytJRI
No matched: WGBTz8ciZLg
No matched: 7OyTf4c408s
No matched: 1RfDsTQJQr0
No matched: Jlaow_RbqfE
No matched: jWueoH9Gq9g
No matched: yfWSSsKLz6o
No matched: tfMOKrH-dlw
No matched: xZKMbo7jK1w
No matched: 7SWTGydZjRU
No matched: _lCR2k6A2D0
No matched: A2PU4j4dJhA
No matched: rXfnuOa9XbI
No matched: l6eTvgG_iy8
No matched: 6P2efa84--Y
No matched: KOKGMeZCY0M
No matched: u-7l8MRfusU
No matched: 8LUD3B3L4Lc
No matched: 7LIZ5UbnEvc
No matched: W3stR2u6TPA
No matched: JuHCR1vNqRY
No matched: M3pRsi8Y0k4
No matched: qLYtAIAUKoo
No matched: VAeoeHnFwmE
No matched: cqTZOf99MTk
No matched: xW9f9HaGIpk
No matched: Df5WS0KWHgw
No matched: RZmke5MFRUg
No matched: XGcgDKMNK2Q
No matched: xt-xfkrS11c
No matched: oQfet4Nidn0
No matched: KUfD5WGL3hw
No matched: ZNS56BM98Sc
No matched: 5k5BtHqAOvs
No matched: oyTIUHs6saY
No matched: 5X517T2muuM
No matched: VtsuAdqBWqU
No matched: ysJt0hqlCRQ
No matched: 6-mrZ4IWey4
No matched: 1noplrHFcxA
No matched: 16uq1hxAx1M
No matched: dy0OZLGKt3Q
No matched: lZ0J5WUN9i8
No matched: o1KWC68V8pc
No matched: YLp375zC0qk
No matched: pYXHZ8nrRaE
No matched: Qi1U3q0FiLA
No matched: QoAt--66s08
No matched: j1wdHpDCHdU
No matched: BmaXbtj_5d4
No matched: VWYUmu3dGu4
No matched: pg36XSWvnWA
No matched: 5bbAzGCw3W0
No matched: huTYYfxIWMI
No matched: QixeNWsex28
No matched: MSShNSgOAR0
No matched: 6yzmBZjtBgg
No matched: qWN3oGOmAOg
No matched: 15L4vpWkq6o
No matched: Ltc6IqvGwTk
No matched: VvT8ep1SB2U
No matched: muwaXbNFtCg
No matched: 8hARhkOEt5k
No matched: zLgFAu-EYeg
No matched: GEjQIAt7xfE
No matched: vXOYQ7uJZ2w
No matched: W4rXn4wcDPQ
No matched: h4lBi6semCk
No matched: FCP9UDFNHlo
No matched: E_nrc-fDmiE
No matched: TLAAx477cUo
No matched: WebHBm-MCSw
No matched: MWIjxKXD2PA
No matched: 7-gGKzU5VxM
No matched: u4GvQI3H1MM
No matched: s7ZQqlFeE7g
No matched: GQcpgOd4ifU
No matched: 7WTef5tnHrQ
No matched: 4ipT3Bvznqk
No matched: iAowbxF5zWM
No matched: icsHznPx9NM
No matched: iqmcsfEzRx8
No matched: iItgDhqbX_E
No matched: iiLaYQ9avmI
No matched: lbCRa3o8k_8
No matched: OuhFMmxCtlI
No matched: 5-MWT_ghDzw
No matched: ElEoYA42t_s
No matched: 6jFqy7vqufY
No matched: 3ZSsLz2x0j4
No matched: _oWVR-c6TvA
No matched: 5OZ4G4c6oLo
No matched: nwdPKYkdF2A
No matched: kfr3bgsIdiM
No matched: o0cC1dEk6sU
No matched: 8lY3N-lalR8
No matched: HZgYRKWdp7I
No matched: XnB0UnuQ5CM
No matched: WOhcLK5j0cM
No matched: x0HrnHMDPGA
No matched: PaMV9DA9lng
No matched: hGdp6G4OgpM
No matched: 4IwfJdAzac4
No matched: A2P19zK6t1M
No matched: Oix8DxKMsNU
No matched: 2s1jmgxJ3MI
No matched: HNKOA656OK4
No matched: BdEqUe3hkAo
No matched: KdH-nH13nXc
No matched: MPFALZkrmq0
No matched: JBzHhQqZki4
No matched: EZ4E4k8OgYk
No matched: BhNee_z3W1A
No matched: WZgVjC4ZEPo
No matched: YY5EfaF61hI
No matched: Z81WPTgIVpY
No matched: _ZYkdSiMsi8
No matched: LCPgvTRftZg
No matched: Qr49V47crws
No matched: 1XHWQpJi_7g
No matched: yHO_ZGt1uXg
No matched: FNv4LjJA9wc
No matched: b5ZqpbjQIbY
No matched: xb4BousMeZM
No matched: 9i4XW1LQIBc
No matched: dDbhwea5Kx4
No matched: L8AvW5CSvys
No matched: gS79sdQlqhs
No matched: vpx3PQZO_aQ
No matched: KiPcxhJtuPQ
No matched: pla-w4HLF7o
No matched: nDIdnlJHJCQ
No matched: impO9vU0Cg0
No matched: urBvGGK1Qr8
No matched: k0RGe5li3Hg
No matched: bTVQhvVfSNo
No matched: 2i3HSDbMcTA
No matched: pQZOfj26C7Q
No matched: U_Di1E0W1Uk
No matched: 1FvPJzvxhlw
No matched: 6y53KUURa5s
No matched: ohYnKDZ08fc
No matched: krlkxdphFSc
No matched: C0isRTsRoQk
No matched: rBu6oCcSq54
No matched: mXNfHaSHIf8
No matched: ftV2mYp7Epw
No matched: GrcgvM_gDCI
No matched: KNEtXfv1Xyg
No matched: IQJqhd3KkKQ
No matched: 5kscleOXems
No matched: PQ47OByEyLY
No matched: 6amayzgztqo
No matched: CM0r6Wzbwg0
No matched: EEuAyeY1n6A
No matched: IqdOgVyjC4U
No matched: NSwYH_GBgEM
No matched: geGu1SiDW94
No matched: _Z5D07X1wXI
No matched: SgwB0C13-5Y
No matched: pDFW5v4dsYs
No matched: 2-JF0L9Led0
No matched: Pp-94vbGqmo
No matched: bBm4fJBqOk4
No matched: UtiifCELxwU
No matched: YX_9k6puvzY
No matched: ED0f61GlcmE
No matched: Xntng19Hexc
No matched: mecvrIkcdAc
No matched: Na-F6r9DyJk
No matched: 4C-LY9Qlr_0
No matched: oYtOKCnKqz4
No matched: ohKEWTXk0F8
No matched: hTjq--gp61c
No matched: a1BVUgzUgkM
No matched: Zf0IeTZzAsE
No matched: PqXDbU76lgw
No matched: FfoE-pcQSuw
No matched: RiXymF8X8JE
No matched: GjREQCvIB4I
No matched: fwDl-fmoBJs
No matched: uCx3SNZzQng
No matched: sBXwQ0fIiNc
No matched: sk8b5GM6T6M
No matched: ByXTw59xCMg
No matched: h-rhAIoSpVI
No matched: qqIkCL_PBsY
No matched: LcqzUZp3tkE
No matched: p2jwYy-RxDo
No matched: tfQiGDUBdD0
No matched: 9SEcTXHU9X8
No matched: XEsPCNAFPhU
No matched: OyClBqwHyCc
No matched: uM7vA02YIrA
No matched: hfVgIsgZWLc
No matched: _M21_EpUanw
No matched: vY_o2KR5lu0
No matched: Jk5siIHZuFc
No matched: HZUAI2MIprk
No matched: _6JfHBxmDjw
No matched: H9tpI_qO_Fo
No matched: fISzDQXok3E
No matched: 4hDC7j5HuoQ
No matched: Jttohykp0WU
No matched: IUgxR2wVbgk
No matched: z4Lpf1wkvwY
No matched: diBu4tnnrYY
No matched: yfrPMqNIdIg
No matched: QxbFerm2Q50
No matched: o5bIADZ0g_4
No matched: XGER5gb03i8
No matched: eAInG3Wuq8k
No matched: I-5MX_nbOls
No matched: ckCbILTvF5Q
No matched: zGkdzTyHXBI
No matched: KIm2aBCt8Aw
No matched: 418cnOA7hZI
No matched: alWLLBFytBA
No matched: uf9dGPoBr8s
No matched: dgxP_28CiKc
No matched: heuqcAr5Szw
No matched: Hvf0iW0cM1w
No matched: FpmCWasvRJk
No matched: nPsfW3oS6Bo
No matched: 8TOLwHW1nWc
No matched: rPJ_cKoHfzA
No matched: Wjr-J57zVoE
No matched: dK8o4KCsazc
No matched: Nj3pB_R9AaU
No matched: 8j3XMqDMDrM
No matched: V7PXIfqFF5o
No matched: JZKR7CODWI4
No matched: vTnPOMDMyMI
No matched: 0ZCy_SnIId8
No matched: 9dvYu0Fty1Q
No matched: 0Ss7hN4ezh8
No matched: QTVTKD5yet0
No matched: kfhaAAGlNg8
No matched: wM5ADlG7BdA
No matched: QRn737MSGqQ
No matched: 3LA_XkZmopM
No matched: uRIJjPGFnTE
No matched: hzQdBqXl8CE
No matched: B7A4HyCgJhg
No matched: c_6G-FOlrOc
No matched: De6spsqMzYM
No matched: q6q5OLNKxOw
No matched: _zALawJ9Pgk
No matched: uinZapdqYW8
No matched: 2Is4afStekQ
No matched: gcysOsD2Zac
No matched: CD719vr_RJI
No matched: GYAlSo4S1go
No matched: jtf_nF_IJyg
No matched: cwGG6WEXJ58
No matched: MGZ6_Ki_P1Y
No matched: LhPohsHepNU
No matched: JWvn2yIO_Z4
No matched: U8erGwKM8tI
No matched: NVg4gBPqxBc
No matched: -09JtH5WdBE
No matched: o6zo1C_T6ZM
No matched: UZGxhD041Xw
No matched: FS2odZHBwCU
No matched: F2-IP2n-Eoc
No matched: WThRJy3X7RE
No matched: kQnRT9ueSL4
No matched: u-FTXp_Bgr4
No matched: GDRfl_ee6-w
No matched: MClxjwgJLsc
No matched: b1qSIpYB4D8
No matched: 0-8gqXS1W64
No matched: T6EnQd8C5KA
No matched: ysf0JNADn6w
No matched: kY8dh4uUl5M
No matched: bdnirTPdQYQ
No matched: -nBxckHuiSI
No matched: di1dSZ8Cprs
No matched: u2j7Ztvf2so
No matched: ZkmPt-3Mz2s
No matched: ppr6UyfBMlA
No matched: adOAbfdpIV4
No matched: ZHhYh4lOHNo
No matched: p-iIa724t8Q
No matched: 8BG77HQFulM
No matched: p1pkXjhX3Kw
No matched: h5WHE6X9SxI
No matched: PpoBqO2AJKU
No matched: 5LiR7fyLa2Y
No matched: wU9tf5UXluI
No matched: iFwTA1-WiSA
No matched: c5jBo5QuAC8
No matched: tobVgbINAlE
No matched: dPrPWpsoTYs
No matched: yOZuPFwiFxQ
No matched: OD6zkOZUUpo
No matched: f5NhItVjTkA
No matched: XTE06Jyo8Pg
No matched: MktikhXwSbM
No matched: ovI7zWnooso
No matched: u0gomv-xRw8
No matched: HpoJvhIjU5o
No matched: af5d_zmWMmE
No matched: zfDZB3Af01c
No matched: a404Q-Y4Iio
No matched: pSbrY9roNnw
No matched: fUv66tDfAeM
No matched: UJMaujA3Ezw
No matched: i5wbgZmyAUc
No matched: WYne0DzoDSA
No matched: wzC7BU6m7gg
No matched: cYjEDuoNqS8
No matched: dOMKQ9aZp6s
No matched: DT_1cVXs1Jc
No matched: _BqLQW06vi4
No matched: mNwn49YuFa0
No matched: ybi5YT_JZZQ
No matched: KBQRetXolA8
No matched: -BACr7AQNKA
No matched: 50-DaxuN75A
No matched: LC-oeOE-z2A
No matched: y1kFHXdMTGM
No matched: JoAv_eGhzIk
No matched: dxCXKLwnS50
No matched: nPwCqCfWURo
No matched: iYye3rzlvUs
No matched: xyEgTeiqo04
No matched: rz0TtwcvBXI
No matched: OJ3UgHvzmSI
No matched: 7RyYUfVp83U
No matched: HOCucPHXgtc
No matched: ExMwz0DCO4s
No matched: 8MoN7O_4mRs
No matched: EBZzb7x1-6s
No matched: 4N5N0pQUFbI
No matched: J45cWdDEbm0
No matched: 8XCX92NNaYU
No matched: fm9-H6NucHk
No matched: Id3XVK4nKCU
No matched: jPyR3UDhOm4
No matched: 23vKtqo2t4k
No matched: Ii7bfPpLVxs
No matched: S8ZBo3pykzc
No matched: T1GZjEHn2P8
No matched: TG0mUwIpy2Q
No matched: KMB8Fjth_jI
No matched: HybHcXGvrGM
No matched: OEeFKY0kGXw
No matched: ccNpIqRwfLU
No matched: R-tzo_eWhow
No matched: DKdvdNU7AmU
No matched: x3rqnUg_Myo
No matched: f1k7X2otQhE
No matched: E-hrCz64kxI
No matched: G_fB94ErNuE
No matched: oaMjvoo3IuA
No matched: DNl9Ig1iXnM
No matched: im2Oaxo3gkM
No matched: YDzOOEVz7M8
No matched: TSMtV4HTFII
No matched: _-dt70RMAYs
No matched: gKdTZpvH83M
No matched: IFKC59qhHfI
No matched: N1MizK5FwOA
No matched: ukZt7oxkaNw
No matched: 3yGPnfUIIGk
No matched: d77mMXahsME
No matched: AeEzuRV8qGQ
No matched: jujxABXnvYM
No matched: _8LwnqN2fkA
No matched: 750AsbPRhAs
No matched: JGECWrid4Gs
No matched: 1NTt8VFD6L8
No matched: fE_2b1bX9dQ
No matched: l5J3qwAqu34
No matched: wOfRTp-dTxw
No matched: Ofx3ZTIXwlY
No matched: i1x9w0tgyuw
No matched: Is3Cu2Nl6wE
No matched: KtB-ga6rYqk
No matched: 16PcTQakkmg
No matched: 6DsUE14tZhQ
No matched: chPG_6r4LKU
No matched: ZZ34zoH2TIo
No matched: Jibxv8ixokA
No matched: NOLwnDbxNUQ
No matched: 5LwYQoMTHdc
No matched: hHzNJpzY894
No matched: bElB2KamQq8
No matched: hot8sW38we4
No matched: ZExtKDig8DI
No matched: KPdN95I0kb4
No matched: Ql3chyxSS0I
No matched: megeMTKJ9r0
No matched: vzMqNQ_rHrE
No matched: tk9f3TBhgWI
No matched: pNX8TJAN1BU
No matched: t_JrLS42RdE
No matched: OBRhKb4RyZo
No matched: Wi8zAX65K00
No matched: hhUDP1knhdg
No matched: HTbAFmOdImY
No matched: O8huQgBfjwM
No matched: 17W4ZhSB2Og
No matched: jlqbRTaSpIw
No matched: Ve7kK759nOc
No matched: UyU-AbYiEd0
No matched: q5b4KIkWxd4
No matched: BcTOSxcv2_o
No matched: 7YLx3HU219I
No matched: pkoWRD9nlMI
No matched: KhdLvA_UOtc
No matched: iauJQybRT98
No matched: 2p92L_zNqsM
No matched: IjQD0rlXeTc
No matched: t2jKnMy5WEw
No matched: _GzAo5ZP1QA
No matched: Rjyd0zKsmSk
No matched: HZwAv5POsZE
No matched: w1lyz7ZfwOw
No matched: Ygc-KRbqUuo
No matched: XEoS1BITzdU
No matched: vGqEjb8TD4s
No matched: H76ikDklkbU
No matched: 6uwY2TKXfb0
No matched: wfVGjjKK5jQ
No matched: 4ROeEMuiVIg
No matched: YwLJOesTBDQ
No matched: qvCeSh6FB8s
No matched: YcMu3dFnda0
No matched: 4w-KO1Wp9_E
No matched: HnLooKnknNw
No matched: fLZ22-YBAy8
No matched: PGMTJPVGdGY
No matched: f0ahIce-W3o
No matched: qovDK2x5PZE
No matched: M3Ht8ikZEgI
No matched: hRZ7MtlMhUE
No matched: 6m3C9tTHpZk
No matched: hP3aSKh8gW4
No matched: 5RDNknZf6qI
No matched: 5l2hlD2IY8Q
No matched: S8201wl4jjw
No matched: Ivbhj_JMYok
No matched: mJIgAWu_MJ8
No matched: KGs8spNJGGY
No matched: GuHJOtYDAPg
No matched: tH8QuE2m5-g
No matched: t3ca06_uYfQ
No matched: 6Ok-1exJobI
No matched: GAC6sABk5GU
No matched: 8FnK0G7xVNg
No matched: oa4y1za8XqQ
No matched: znfdEwkWxxQ
No matched: _QYAoE8IHIg
No matched: kGbQZGj1zu8
No matched: _hP3C2qc0Wo
No matched: vumdaiEOwPs
No matched: lljD5Mq7bpA
No matched: cjgIZ0Mc9r0
No matched: 0QmijeMVrOQ
No matched: QiYJS9bZqZ8
No matched: pX0vz58US3U
No matched: 66j68GEKvtc
No matched: 8wDBzryPXB0
No matched: hQCAsYIiz1o
No matched: 5A4JC4_1nGE
No matched: adPRR07_YZk
No matched: CJ6htT73mqk
No matched: GnvkitAFwlM
No matched: TN37F5UJDU4
No matched: b4E4ST1hPhU
No matched: Xpg_5DpQPns
No matched: jDaynBWi6cg
No matched: W-sjBM-W-YE
No matched: NS0IQMlOF7I
No matched: 0IlaFu_fKAE
No matched: R31g866r0VE
No matched: AoCNzmsjBWs
No matched: apT4qG6muEY
No matched: iWLvCbglrD8
No matched: 0knwWB7ZNr4
No matched: cVsLhuEsl0k
No matched: Yf9y3PoKrnY
No matched: IwLB4uDkjp4
No matched: Sqi_26p9qc8
No matched: 42tHRbLnhNI
No matched: uQi1fnDRGM0
No matched: 0ordbehWqvI
No matched: sRXqgI7olFI
No matched: gCZKBqPTxeQ
No matched: 7kzhO4Rh67c
No matched: FTANsZ_IDuE
No matched: twg7MvnsXS4
No matched: jX8tPeOWzXY
No matched: pODORx5s9kg
No matched: DBTtuzeR6EQ
No matched: RSnFx-UyWAE
No matched: tNKdc6Lxcvo
No matched: cXGvhaHSVeY
No matched: D4aw32OzFp0
No matched: fydRID5jiZw
No matched: oQtyRzP7SUg
No matched: HTWTpV24bw0
No matched: cET09XpyzEg
No matched: tqmVCSjjfGQ
No matched: 4cIMFHsU--0
No matched: 1DiYeURf3so
No matched: rbBo8e0OLtM
No matched: cnfJNZiPcaw
No matched: S9pR0gfil_0
No matched: hSLOarBD4uY
No matched: Xh1d-Q1HQIA
No matched: w4Rmqd0ZTio
No matched: dH8mWyRU6JE
No matched: Fldv-sAh_io
No matched: ehWdLEXSoh8
No matched: oiyviOdF_ac
No matched: Ujmw61D92WM
No matched: McvFk_jxPi0
No matched: nKgSnrvDUjU
No matched: RTXB6RundOg
No matched: aow1TMUkdAU
No matched: 1EvXAF6Nf_Q
No matched: OpLzI27febM
No matched: Ge7Zg80WPxA
No matched: uQj7gB3nJIk
No matched: kQW_76qDQqM
No matched: MovULiXXXz4
No matched: 5HL5JelSZEo
No matched: jYymwCMLrWs
No matched: YsQtLASlDKE
No matched: bubNgom9OGU
No matched: I1CGVJm1Vng
No matched: P0pvtgk7Vxo
No matched: aCLN9tDyyXk
No matched: GBXerRD5E_U
No matched: yZ0LEWeSnS8
No matched: tGNUufkcUco
No matched: 9UgKJ_9cZQE
No matched: zf3R423v1f4
No matched: 3-Zpo-xlsIc
No matched: WDFqEGI4QJ4
No matched: 1TfTz7626RI
No matched: 81keLfMR1iE
No matched: NfR5xW4w-ww
No matched: Af2tS1v72Rs
No matched: 8wKqwSNRTH4
No matched: _bp_S2CFXCw
No matched: WShMHngViGk
No matched: CwtDBsvFDpo
No matched: qfJQ3nzV_tI
No matched: omwX4MzsQxI
No matched: XmrV8UBzQo8
No matched: UOahtDB2R8I
No matched: lnxtGJMiqzg
No matched: e_Pmnz7xuOs
No matched: YaYt-ASuc0g
No matched: xVVDHZr7erk
No matched: JUnhyyw8_kY
No matched: 86aDgDWWX14
No matched: 83nxWal4dZ0
No matched: 35tLRbpnDRE
No matched: lAoinblmi2Q
No matched: N8uiVMSIK6Y
No matched: ZROuYl6ooSI
No matched: 5QW_nsAjweE
No matched: wqVrlUKltII
No matched: aqnAmSSKXCk
No matched: CFf_ZcSJKPw
No matched: YvVR4bJVo4k
No matched: J3RXzjAOP0I
No matched: fR5y5qNEi2Y
No matched: xyvF7V1gJfY
No matched: 31gh6mec4Lo
No matched: xWLwnjzF82w
No matched: H38_ZPYdIic
No matched: yRNRH6nEACI
No matched: MLCiQ-xKlRk
No matched: _SSxlG2qvgg
No matched: -dr8vyXJ380
No matched: RKBCglTrb3U
No matched: -JJFsDIVShc
No matched: tnEkUqcK3Gc
No matched: xBafYjo2qMk
No matched: D7QTctSxFb0
No matched: 6ooMvRHGV7g
No matched: 958scSwyPIk
No matched: pgzk557Qn5w
No matched: cqL1vp9XoH8
No matched: lYQA5SP-7XU
No matched: azgV_PYJFbQ
No matched: Gh7hE4JcBsY
No matched: 1sN_1T8rcjo
No matched: 5pPoEh3cffo
No matched: 8eOX-JOE6VA
No matched: IM7X6J026OY
No matched: t6nUHngozQo
No matched: MNCnPaAPaqQ
No matched: v6Px0TbQCUs
No matched: wErxTMVtgHo
No matched: 3-R6skeIKxA
No matched: IZuJzV7muO4
No matched: JU5vGbLc4mY
No matched: cVHRa25Pt5s
No matched: Ov8Im3O23t0
No matched: Kqi8FpYaDiw
No matched: fm9rz2SqS0o
No matched: nmeHly6qCwk
No matched: l7mosj8vSU0
No matched: ez_aeBBUGYQ
No matched: bnDZFyzBHao
No matched: qKqz_6udvYI
No matched: azqYOI-Vp6o
No matched: P1q6uAQ6qeU
No matched: 36NCa31nUlM
No matched: UxntSmzNnro
No matched: eMTAGktUqYE
No matched: G8tAAkYL5aY
No matched: QWtRg_kS3Fg
No matched: _qzSvKkxrYM
No matched: 2DkloVvp9vk
No matched: 3Cgxwuml1dk
No matched: cqBqxVUYZ50
No matched: TxVndZFVsSo
No matched: 39QgetZiWk0
No matched: SQCaYbiJbPA
No matched: 97rLhaAKtAM
No matched: lqts___oo7c
No matched: aw_QLcrZPMs
No matched: vqykVzH72D0
No matched: EK7JeLQJhdg
No matched: lTZL-RLW6CU
No matched: Rp8EnDkG6uU
No matched: OMS_9aRJNcY
No matched: byI7yxoiLKw
No matched: sA4i3S2iMeI
No matched: aL5TNtQ2w7A
No matched: DN070XaFNIc
No matched: ibvy1K155_Y
No matched: O6cmKeRV3Z0
No matched: hR9xKKrTXpM
No matched: uSZtqJogxao
No matched: zKwgR9IBovs
No matched: OwP5jwvaT2E
No matched: 5JwHl5vyO84
No matched: TPyQ4lb-zhs
No matched: hQtDHY_tkns
No matched: TaX5DUGC1CU
No matched: XPIOstdyftY
No matched: qyezQ9mAkcY
No matched: ML2VF6VQEuM
No matched: DTTs18qHENQ
No matched: ykBYtf-z9zI
No matched: 0FhnXr8edGw
No matched: nqSSAbhAVDw
No matched: ZiMz3uSVxeA
No matched: c4YlpyKaJyc
No matched: o991qXufTXA
No matched: DHBg4Fc2Pk0
No matched: GpTrT4eKLeY
No matched: 9K-dQ0FFH20
No matched: tY_DeSQ98Vc
No matched: Dio5w2Z3P90
No matched: NHblFxYE-FI
No matched: 6OjdR6zZCAs
No matched: EhHQUDZeBPk
No matched: LtpzSIRP_1o
No matched: PqLCoNg6pKc
No matched: xvA8jpGD44g
No matched: Nx5HB_NSZ4Y
No matched: yBJPhHNZyds
No matched: FfBXipLLIoA
No matched: 9VlN627Ak7w
No matched: pwrCreAJ45g
No matched: T46g5mGLsE8
No matched: PY8HcGgBzP0
No matched: othonekcVyQ
No matched: qBx89T6XA5s
No matched: DhttdMFk45g
No matched: Fgc7IY5Is8E
No matched: yt63VnTwZ9Q
No matched: D6cr-3zG-YE
No matched: D8aOOC1wDQY
No matched: TY_s7NmCKCI
No matched: sqjPyzRgnfg
No matched: 7odCHhC_t1w
No matched: G6HTUDSkboA
No matched: QGl5VE_4FcA
No matched: Wj_0izKa91A
No matched: PbJrWRg70Bk
No matched: UF38HFB5zMs
No matched: ihWLUe9YKuM
No matched: Azls-KFpi1k
No matched: rRfyIcJH0Fc
No matched: 4OWjJPW0zDY
No matched: s10r6NvRoi8
No matched: ohYx7cxKQ2A
No matched: amrg7Pwhp_I
No matched: 9UQWj1cn0d0
No matched: 0r2U_uEVuqU
No matched: Pz515iLkvzs
No matched: _zbER_Eh6Ro
No matched: VZoqMReCFsA
No matched: 73AAFXe7OoI
No matched: RoBJUoRlw9E
No matched: xhT_gKj0uZI
No matched: DM44jRiYfuA
No matched: lv2_jZ6tIGg
No matched: 6GO_bXpckDM
No matched: KHNogFTi5HM
No matched: 34Z47HHVqhQ
No matched: ehpa1BTULVE
No matched: c5aqOXbi6F0
No matched: ZPBTnWWWUY4
No matched: b3dFlCPKtkM
No matched: UvDU0H8Y584
No matched: ij7VgnY29ZE
No matched: Rq5NbWmyGWk
No matched: LSjVefj4iYM
No matched: BXNR1va4_Bs
No matched: ko27XN_5m6M
No matched: 8uU2Wi9B2M8
No matched: n_JnSleMN6c
No matched: rf_Lm5IEmb4
No matched: 3U4deXyuF-A
No matched: qbNOxK2-7BU
No matched: V7vdBjlMb4w
No matched: var6kh2o6Zk
No matched: 2cXJR6crYm0
No matched: RkGVABuR8gs
No matched: aj06IqCvuBU
No matched: 303oYc8vNpM
No matched: arqXAOFJcaI
No matched: Jewg7AodALg
No matched: XsUavuLV7U4
No matched: f96L6BkeO9Y
No matched: z46P0P8AqHY
No matched: U6GM3JUzkG0
No matched: CXDzK9PvHLE
No matched: 0GFHjc0lsG4
No matched: 2EcsddINgYA
No matched: _uhKvFFlN-8
No matched: KgZensLPQNY
No matched: wD86h5L6Hks
No matched: tuVCWNjhk4c
No matched: IPA7VC4FA3I
No matched: 6szh0FP52Xw
No matched: EUKlZ5LK7FQ
No matched: QLvj0GFIVyo
No matched: lHP0_-wxzUw
No matched: eh5MnYiGYUQ
No matched: 6Rji0LM8-tE
No matched: 9yWAGwj-K_w
No matched: Z3ycdb7XRJM
No matched: ff7PL8LiN5M
No matched: YdtMKGHjzW8
No matched: Zenb2jD1bXE
No matched: tJ9JOOkVAeQ
No matched: A4leSH2_OL4
No matched: a2hIEGkVrjk
No matched: y71iOXcANDo
No matched: covOrnvapPI
No matched: TIz91MUoVHs
No matched: c9vE9ijiM0A
No matched: WhEh4Rvl4b0
No matched: 88kmoepAL1g
No matched: fIroa29PBQU
No matched: obeWN2nibeI
No matched: adhYJoWI5-0
No matched: awTs5zH-4G8
No matched: NOMi17Ks09M
No matched: ot5RSdgENwg
No matched: ThjFnvEENRw
No matched: 6CHiMUrQLIQ
No matched: xxtI5R4PZaY
No matched: -bk40MjOvOQ
No matched: 6-PF1UNHyOU
No matched: GRp7ht4I3n8
No matched: MXUkBQ57em8
No matched: MiTsRTGItk0
No matched: 5rwE_2Vjjyc
No matched: fOcIcxtkJ-I
No matched: 1jhAmP_1AHo
No matched: qi0tuReJ32k
No matched: k1AoLhaj5uI
No matched: P3Nhd5-zs3A
No matched: IBHAkVq6Czo
No matched: d-PZLm3H1d8
No matched: P4hh_-49DKw
No matched: MdseVA-BJ5A
No matched: TQzZ7avi_Nc
No matched: XEWI3y-pxCE
No matched: Yq5vmi_Yz44
No matched: ue69QSXtzXc
No matched: ecf2VzLWD9M
No matched: lVGYkmtcPYM
No matched: C86sEVoQsB4
No matched: 4nLjJ3xsOPQ
No matched: tNUoHt_XVEE
No matched: MOptnpjKJOM
No matched: sEnM6Vp6Gng
No matched: Q8CA0BLub44
No matched: jn16QuflL2E
No matched: XHSJAg1XkGA
No matched: QgRgTnIvMjQ
No matched: WUBjn3Su2QU
No matched: km5NrI8USdE
No matched: 3jV0KMBM_0M
No matched: SVwuRY7qX54
No matched: QSO2c1_FHIc
No matched: YrXOcrE25sI
No matched: cY4INSDyp4E
No matched: yfZgGO6xvTI
No matched: GeVvtH5xz1Q
No matched: G2KwBInKBQM
No matched: SoqS454J91w
No matched: 9TU2-WAJBj8
No matched: g1ICk1bkxyI
No matched: P2HTbva4cLs
No matched: x2loTm2RUTQ
No matched: Bx29nbHx3F4
No matched: U6NhMiBQm6g
No matched: uTRP8ZmRyLY
No matched: jmTLm1A_Ydc
No matched: MxG1cgCVZbE
No matched: tBb_NBJ3z-g
No matched: UXgRVIJ_lpY
No matched: kBjOe_WfDZ8
No matched: NOg6o-E1R-s
No matched: Z6fMMnjYMJk
No matched: aERRlGMsR1Q
No matched: LAxGR5TnxMg
No matched: isS1ylxpgCE
No matched: v0uVl2suglg
No matched: 6uINMGS2WTs
No matched: gBz01oaJNe0
No matched: KHNX4T4n8J4
No matched: jdFaE6Adh2g
No matched: 5XQDXAWkxAk
No matched: bpmtjQtmgWg
No matched: cJsX4lJkGyk
No matched: kcUcl23D7mA
No matched: FZlIWz0ycn8
No matched: MZYNq1m2TUQ
No matched: eKjCUTjZQWE
No matched: ulArBKrM6CA
No matched: gnzQ7JVEOZg
No matched: sasRD9POrJE
No matched: T01C24oiMaY
No matched: 2qFH4wI0ScY
No matched: WThSnniic2s
No matched: Hnm3MuPSrmA
No matched: iU7dVktigP8
No matched: 8-OOUGZPFDA
No matched: 9pNcKIb1l9s
No matched: e1nP3YoAJs8
No matched: PFq5-oWN8bU
No matched: aJQeOIkR52I
No matched: d16vPVFbaLs
No matched: mqsqduSoU9s
No matched: ZmFRTw4K27I
No matched: j3YMmTSPyGY
No matched: JCLYdzL2sN8
No matched: GAhwhbQL8s8
No matched: uaewLFHibEk
No matched: -FSi40Eta6M
No matched: 2kpfRHyc4NQ
No matched: egFymNToSAg
No matched: JGm65E6JnEA
No matched: 38T5KoDiqoM
No matched: medpe3HobuA
No matched: fgvuLxKIC8M
No matched: ScDs9h6xTOs
No matched: -0afgRb7rxU
No matched: xKzB7kNTZp4
No matched: O-SNO6nuiSI
No matched: L-R-Wus7CWM
No matched: VxsMSkgqwHw
No matched: IgvcL2K5l44
No matched: H8qsGsoLjMQ
No matched: 7hY8fU1GtBI
No matched: s2CIF2cGDxk
No matched: ksasPjrYFTg
No matched: SU2JztST_TY
No matched: Manhgv65KdI
No matched: 2U3CIYTJnmM
No matched: wOiqKJdEwx4
No matched: FS4xS8ZBHN0
No matched: J1bRdXItmCM
No matched: EQrkM2lLqgE
No matched: DzpmRuZcc1o
No matched: PUS3tzRd0Ww
No matched: -O1CuQsPHv4
No matched: FKjkCZq9xv8
No matched: OErQa5yIiUk
No matched: gPeKdXhGcZQ
No matched: txNglJIUbd0
No matched: btmMywhXaOg
No matched: 5bGnBGjKZ4w
No matched: mSPXeBruBak
No matched: 5g4apo4cDRg
No matched: oNgkwkIQZH8
No matched: 5ZuZ1yTrBOQ
No matched: 7YXml5YoTg4
No matched: ONAsVqgW-Z4
No matched: G-r31bxWwt4
No matched: 6WY5ampAuA0
No matched: TotJctL135k
No matched: u1BhQKI25ZU
No matched: GPwvdBP4Dg4
No matched: STKPfA9xpaY
No matched: R2iINhZNnrY
No matched: iBN0GkLM9O8
No matched: oRTbVUcO5Wo
No matched: A9vHrdiG9Y4
No matched: dcUlIpD4464
No matched: iONGT9t6lO4
No matched: -F1gWLDW_mU
No matched: D8CIDY1FRmY
No matched: hXXDymhUyks
No matched: jlzjMgD_ttA
No matched: H20EyPqnDmQ
No matched: BXx6kJER6ow
No matched: zqKm5sSsRbM
No matched: XtKBhjKRf5E
No matched: k8wCkIs8ytI
No matched: 0nt3SrBF6No
No matched: uy9X_4A-uMk
No matched: JnA9ICu-Hjs
No matched: 9V3MR7E5ZD0
No matched: OmtH0A5mVnA
No matched: _VeYcBOeSeE
No matched: dMRWnGUPe7s
No matched: QH0l_imbKSg
No matched: F12SHVwWfBE
No matched: YMEuiecQ-D4
No matched: wsDF-dk2ABs
No matched: cNXoGUHRwTY
No matched: VpoaFsUxZIM
No matched: -UQ4_J8Q-p0
No matched: KbwyFLCJyoU
No matched: _0p5rcnyU5I
No matched: _3sDsDOrd5o
No matched: Nv6JrhMmH6M
No matched: J7FHAXUIw8E
No matched: p35s4aqUrY0
No matched: Lpqy3oruBAA
No matched: 2XX8tMtwSeg
No matched: n3AbkqYDGcE
No matched: C3o2gSkDrzc
No matched: cxJzqLVySQc
No matched: haA6QtH0PIc
No matched: 9IKhdgXSpCs
No matched: MvTwqtUsQ5A
No matched: rYAAWZ9s8gM
No matched: s2JftS8Rqds
No matched: ZwbIFyOnwPk
No matched: ajJQNSUZkZk
No matched: sIpcV58vmo8
No matched: rTvA2Pu3NIA
No matched: Z_wGLFwkiJI
No matched: LNsqod0dsLE
No matched: V8iUwDFjSLs
No matched: jVXYfInQu-A
No matched: kSVvz9o8rf0
No matched: pfTLa2smySY
No matched: K-FfhRJaa7Y
No matched: xo24PmD9eic
No matched: EuCNNY2e6Sw
No matched: MWcenmvCoxI
No matched: e4R6hZHoDUE
No matched: dVr2NTmY3Wk
No matched: LXHhYXpQ_cE
No matched: x9BXG3TKcwY
No matched: nBxqo5uGW9M
No matched: wyEyisJmCZk
No matched: iF9tVrUAPKQ
No matched: p_IgzJSY_SM
No matched: 9doOLHeW8p4
No matched: iIyEjh6ef_8
No matched: S_msZUDIdCM
No matched: ZBcLLL1qBiU
No matched: IjeR2H95_dM
No matched: tNkuJvhyfP0
No matched: HoFg8RiI53Q
No matched: uyFZQmDhmoI
No matched: N2y0hnvAwkM
No matched: oQMAFkhIDxg
No matched: WWkqlIP0QeY
No matched: waDjQlyHlEM
No matched: kFh7nrt0Zzc
No matched: 91xjqZUdFD4
No matched: UHRdQ02fY-I
No matched: kdhDhXuqTHQ
No matched: W57GYOv6oTM
No matched: jhqj-UbqIHY
No matched: bLcuGlplzTA
No matched: C4qtfgrTwLc
No matched: ufQggKQ5u1Q
No matched: 1PBxlXCn2g4
No matched: oAYywIlDbXg
No matched: MvK7VK8hv70
No matched: 3lMQqU4IkjA
No matched: 9EuPSF-UgQA
No matched: 0RwZfPCmRE0
No matched: nqkPDm43SS0
No matched: NHUedOjTxTA
No matched: lnA7ifMsKBg
No matched: f3KdneYlBu4
No matched: phjeB-9hNGI
No matched: JywtGXE5_0U
No matched: ut19TbG3Rao
No matched: MyJ_a3fx6IY
No matched: HjpIeQR2CDM
No matched: AoIn-kfmukE
No matched: JnilHliEIyM
No matched: 6ImQFboCCEk
No matched: qCAKHj8RcCE
No matched: LaaJCskWiUc
No matched: Aoel2Kmpm0w
No matched: DB_kVIoovJI
No matched: nIEudxHqRQA
No matched: MFJ0inXUZRs
No matched: hykE511y3yA
No matched: RVDfWfUSBIM
No matched: oeZYzVzslgU
No matched: Fp7GTZlHC98
No matched: LKGQwNlmrQo
No matched: BoJ4AH4gLHM
No matched: 4R4kXG9eWI8
No matched: mVOaGXVoUco
No matched: zueLV0gYVxo
No matched: 4aE58cuVKfM
No matched: 0D_q4EHMNlQ
No matched: 96DIXCZbGjc
No matched: qUgOxn_DxpM
No matched: ZmFXVkfZcFM
No matched: RAq63lelySQ
No matched: olUn4Si22Sg
No matched: _0IXytKHosg
No matched: Nk-jiTf0xCk
No matched: mrYoN-UCR9Q
No matched: IEA1Qf5_kzA
No matched: tuNZgYY_Dxk
No matched: faBgzsB4Kr0
No matched: o9t9ZTP3sqQ
No matched: ab57MfRpD68
No matched: y9qReptHss8
No matched: 1GhPMTikL0M
No matched: 8E10iVtfo2w
No matched: qTMYPGh7f5I
No matched: PUp2JClvEcM
No matched: MwIhraIz3Pw
No matched: tPGMFGHTexU
No matched: 2-9efXeMuRI
No matched: vtLmJMfKorE
No matched: 7rMWtGNkNHU
No matched: VmQ1lWLbpjA
No matched: k9_ndLQqYOw
No matched: 4qqvr1NM4N0
No matched: QxKYAhVqtaM
No matched: zpRAM_KWPcU
No matched: GgVpA_nXwag
No matched: kRAuaerDU0Y
No matched: HRQF_-C8-ko
No matched: LL59PNdWYDk
No matched: 7GowsM9PSx0
No matched: b7vsJg1OwpI
No matched: yjFZvH9SPWI
No matched: Qa8Jy8Z5hoU
No matched: 6KundiQ8MHQ
No matched: QbJklCylZM8
No matched: EOuanZljhCk
No matched: SSFeUs7M2kQ
No matched: juykQjQcLrU
No matched: YMGPt5FmZhs
No matched: 9BlxGE08ABI
No matched: h3cPAdjlQ8s
No matched: dxh50XguXJ0
No matched: huxp3OWPBrI
No matched: GSkgPdN6bwc
No matched: v_NyLQAhxqs
No matched: UoqpfTBZjzw
No matched: XSu38uFEVuI
No matched: upFzs9h1mkM
No matched: Goce9EwC69I
No matched: oYxcijU26v8
site: 26902, YouTube: 26809, nomatch: 2880, merged: 23929
